[2023-04-01T17:36:30.142+0000] {taskinstance.py:1083} INFO - Dependencies all met for <TaskInstance: twitter_status_update.kickOff manual__2023-04-01T17:36:29.029244+00:00 [queued]>
[2023-04-01T17:36:30.150+0000] {taskinstance.py:1083} INFO - Dependencies all met for <TaskInstance: twitter_status_update.kickOff manual__2023-04-01T17:36:29.029244+00:00 [queued]>
[2023-04-01T17:36:30.151+0000] {taskinstance.py:1279} INFO - 
--------------------------------------------------------------------------------
[2023-04-01T17:36:30.152+0000] {taskinstance.py:1280} INFO - Starting attempt 1 of 3
[2023-04-01T17:36:30.153+0000] {taskinstance.py:1281} INFO - 
--------------------------------------------------------------------------------
[2023-04-01T17:36:30.165+0000] {taskinstance.py:1300} INFO - Executing <Task(_PythonDecoratedOperator): kickOff> on 2023-04-01 17:36:29.029244+00:00
[2023-04-01T17:36:30.172+0000] {standard_task_runner.py:55} INFO - Started process 7039 to run task
[2023-04-01T17:36:30.174+0000] {standard_task_runner.py:82} INFO - Running: ['***', 'tasks', 'run', 'twitter_status_update', 'kickOff', 'manual__2023-04-01T17:36:29.029244+00:00', '--job-id', '176', '--raw', '--subdir', 'DAGS_FOLDER/twitterStatusUpdatePipeline.py', '--cfg-path', '/tmp/tmpugwnkv9c']
[2023-04-01T17:36:30.175+0000] {standard_task_runner.py:83} INFO - Job 176: Subtask kickOff
[2023-04-01T17:36:30.226+0000] {task_command.py:388} INFO - Running <TaskInstance: twitter_status_update.kickOff manual__2023-04-01T17:36:29.029244+00:00 [running]> on host 16ecf75c2681
[2023-04-01T17:36:30.276+0000] {taskinstance.py:1509} INFO - Exporting the following env vars:
AIRFLOW_CTX_DAG_OWNER=***
AIRFLOW_CTX_DAG_ID=twitter_status_update
AIRFLOW_CTX_TASK_ID=kickOff
AIRFLOW_CTX_EXECUTION_DATE=2023-04-01T17:36:29.029244+00:00
AIRFLOW_CTX_TRY_NUMBER=1
AIRFLOW_CTX_DAG_RUN_ID=manual__2023-04-01T17:36:29.029244+00:00
[2023-04-01T17:36:30.278+0000] {python.py:177} INFO - Done. Returned value was: 2023-04-01
[2023-04-01T17:36:30.295+0000] {taskinstance.py:1323} INFO - Marking task as SUCCESS. dag_id=twitter_status_update, task_id=kickOff, execution_date=20230401T173629, start_date=20230401T173630, end_date=20230401T173630
[2023-04-01T17:36:30.351+0000] {local_task_job.py:208} INFO - Task exited with return code 0
[2023-04-01T17:36:30.368+0000] {taskinstance.py:2578} INFO - 1 downstream tasks scheduled from follow-on schedule check
