[2023-04-01T12:50:37.142+0000] {taskinstance.py:1083} INFO - Dependencies all met for <TaskInstance: twitter_status_with_image_update.kickOff manual__2023-04-01T12:50:36.384854+00:00 [queued]>
[2023-04-01T12:50:37.148+0000] {taskinstance.py:1083} INFO - Dependencies all met for <TaskInstance: twitter_status_with_image_update.kickOff manual__2023-04-01T12:50:36.384854+00:00 [queued]>
[2023-04-01T12:50:37.148+0000] {taskinstance.py:1279} INFO - 
--------------------------------------------------------------------------------
[2023-04-01T12:50:37.149+0000] {taskinstance.py:1280} INFO - Starting attempt 1 of 3
[2023-04-01T12:50:37.150+0000] {taskinstance.py:1281} INFO - 
--------------------------------------------------------------------------------
[2023-04-01T12:50:37.158+0000] {taskinstance.py:1300} INFO - Executing <Task(_PythonDecoratedOperator): kickOff> on 2023-04-01 12:50:36.384854+00:00
[2023-04-01T12:50:37.162+0000] {standard_task_runner.py:55} INFO - Started process 10535 to run task
[2023-04-01T12:50:37.165+0000] {standard_task_runner.py:82} INFO - Running: ['***', 'tasks', 'run', 'twitter_status_with_image_update', 'kickOff', 'manual__2023-04-01T12:50:36.384854+00:00', '--job-id', '103', '--raw', '--subdir', 'DAGS_FOLDER/twitterImageWithTextUpdatePipeline.py', '--cfg-path', '/tmp/tmpsdc61oj_']
[2023-04-01T12:50:37.166+0000] {standard_task_runner.py:83} INFO - Job 103: Subtask kickOff
[2023-04-01T12:50:37.211+0000] {task_command.py:388} INFO - Running <TaskInstance: twitter_status_with_image_update.kickOff manual__2023-04-01T12:50:36.384854+00:00 [running]> on host 21dcead862af
[2023-04-01T12:50:37.255+0000] {taskinstance.py:1509} INFO - Exporting the following env vars:
AIRFLOW_CTX_DAG_OWNER=***
AIRFLOW_CTX_DAG_ID=twitter_status_with_image_update
AIRFLOW_CTX_TASK_ID=kickOff
AIRFLOW_CTX_EXECUTION_DATE=2023-04-01T12:50:36.384854+00:00
AIRFLOW_CTX_TRY_NUMBER=1
AIRFLOW_CTX_DAG_RUN_ID=manual__2023-04-01T12:50:36.384854+00:00
[2023-04-01T12:50:37.258+0000] {python.py:177} INFO - Done. Returned value was: 2023-04-01
[2023-04-01T12:50:37.272+0000] {taskinstance.py:1323} INFO - Marking task as SUCCESS. dag_id=twitter_status_with_image_update, task_id=kickOff, execution_date=20230401T125036, start_date=20230401T125037, end_date=20230401T125037
[2023-04-01T12:50:37.298+0000] {local_task_job.py:208} INFO - Task exited with return code 0
[2023-04-01T12:50:37.316+0000] {taskinstance.py:2578} INFO - 1 downstream tasks scheduled from follow-on schedule check
