[2023-04-01T12:45:06.548+0000] {taskinstance.py:1083} INFO - Dependencies all met for <TaskInstance: twitter_status_with_image_update.kickOff scheduled__2023-03-31T00:00:00+00:00 [queued]>
[2023-04-01T12:45:06.557+0000] {taskinstance.py:1083} INFO - Dependencies all met for <TaskInstance: twitter_status_with_image_update.kickOff scheduled__2023-03-31T00:00:00+00:00 [queued]>
[2023-04-01T12:45:06.558+0000] {taskinstance.py:1279} INFO - 
--------------------------------------------------------------------------------
[2023-04-01T12:45:06.559+0000] {taskinstance.py:1280} INFO - Starting attempt 1 of 3
[2023-04-01T12:45:06.560+0000] {taskinstance.py:1281} INFO - 
--------------------------------------------------------------------------------
[2023-04-01T12:45:06.570+0000] {taskinstance.py:1300} INFO - Executing <Task(_PythonDecoratedOperator): kickOff> on 2023-03-31 00:00:00+00:00
[2023-04-01T12:45:06.578+0000] {standard_task_runner.py:55} INFO - Started process 10161 to run task
[2023-04-01T12:45:06.582+0000] {standard_task_runner.py:82} INFO - Running: ['***', 'tasks', 'run', 'twitter_status_with_image_update', 'kickOff', 'scheduled__2023-03-31T00:00:00+00:00', '--job-id', '89', '--raw', '--subdir', 'DAGS_FOLDER/twitterImageWithTextUpdatePipeline.py', '--cfg-path', '/tmp/tmp6qid0uy9']
[2023-04-01T12:45:06.585+0000] {standard_task_runner.py:83} INFO - Job 89: Subtask kickOff
[2023-04-01T12:45:06.659+0000] {task_command.py:388} INFO - Running <TaskInstance: twitter_status_with_image_update.kickOff scheduled__2023-03-31T00:00:00+00:00 [running]> on host 21dcead862af
[2023-04-01T12:45:06.719+0000] {taskinstance.py:1509} INFO - Exporting the following env vars:
AIRFLOW_CTX_DAG_OWNER=***
AIRFLOW_CTX_DAG_ID=twitter_status_with_image_update
AIRFLOW_CTX_TASK_ID=kickOff
AIRFLOW_CTX_EXECUTION_DATE=2023-03-31T00:00:00+00:00
AIRFLOW_CTX_TRY_NUMBER=1
AIRFLOW_CTX_DAG_RUN_ID=scheduled__2023-03-31T00:00:00+00:00
[2023-04-01T12:45:06.723+0000] {python.py:177} INFO - Done. Returned value was: 2023-04-01
[2023-04-01T12:45:06.739+0000] {taskinstance.py:1323} INFO - Marking task as SUCCESS. dag_id=twitter_status_with_image_update, task_id=kickOff, execution_date=20230331T000000, start_date=20230401T124506, end_date=20230401T124506
[2023-04-01T12:45:06.759+0000] {local_task_job.py:208} INFO - Task exited with return code 0
[2023-04-01T12:45:06.774+0000] {taskinstance.py:2578} INFO - 1 downstream tasks scheduled from follow-on schedule check
[2023-04-01T12:47:28.133+0000] {taskinstance.py:1083} INFO - Dependencies all met for <TaskInstance: twitter_status_with_image_update.kickOff scheduled__2023-03-31T00:00:00+00:00 [queued]>
[2023-04-01T12:47:28.140+0000] {taskinstance.py:1083} INFO - Dependencies all met for <TaskInstance: twitter_status_with_image_update.kickOff scheduled__2023-03-31T00:00:00+00:00 [queued]>
[2023-04-01T12:47:28.141+0000] {taskinstance.py:1279} INFO - 
--------------------------------------------------------------------------------
[2023-04-01T12:47:28.142+0000] {taskinstance.py:1280} INFO - Starting attempt 1 of 3
[2023-04-01T12:47:28.143+0000] {taskinstance.py:1281} INFO - 
--------------------------------------------------------------------------------
[2023-04-01T12:47:28.153+0000] {taskinstance.py:1300} INFO - Executing <Task(_PythonDecoratedOperator): kickOff> on 2023-03-31 00:00:00+00:00
[2023-04-01T12:47:28.159+0000] {standard_task_runner.py:55} INFO - Started process 10311 to run task
[2023-04-01T12:47:28.163+0000] {standard_task_runner.py:82} INFO - Running: ['***', 'tasks', 'run', 'twitter_status_with_image_update', 'kickOff', 'scheduled__2023-03-31T00:00:00+00:00', '--job-id', '93', '--raw', '--subdir', 'DAGS_FOLDER/twitterImageWithTextUpdatePipeline.py', '--cfg-path', '/tmp/tmp75n_qtk_']
[2023-04-01T12:47:28.164+0000] {standard_task_runner.py:83} INFO - Job 93: Subtask kickOff
[2023-04-01T12:47:28.232+0000] {task_command.py:388} INFO - Running <TaskInstance: twitter_status_with_image_update.kickOff scheduled__2023-03-31T00:00:00+00:00 [running]> on host 21dcead862af
[2023-04-01T12:47:28.278+0000] {taskinstance.py:1509} INFO - Exporting the following env vars:
AIRFLOW_CTX_DAG_OWNER=***
AIRFLOW_CTX_DAG_ID=twitter_status_with_image_update
AIRFLOW_CTX_TASK_ID=kickOff
AIRFLOW_CTX_EXECUTION_DATE=2023-03-31T00:00:00+00:00
AIRFLOW_CTX_TRY_NUMBER=1
AIRFLOW_CTX_DAG_RUN_ID=scheduled__2023-03-31T00:00:00+00:00
[2023-04-01T12:47:28.282+0000] {python.py:177} INFO - Done. Returned value was: 2023-04-01
[2023-04-01T12:47:28.299+0000] {taskinstance.py:1323} INFO - Marking task as SUCCESS. dag_id=twitter_status_with_image_update, task_id=kickOff, execution_date=20230331T000000, start_date=20230401T124728, end_date=20230401T124728
[2023-04-01T12:47:28.338+0000] {local_task_job.py:208} INFO - Task exited with return code 0
[2023-04-01T12:47:28.353+0000] {taskinstance.py:2578} INFO - 1 downstream tasks scheduled from follow-on schedule check
[2023-04-01T12:48:41.040+0000] {taskinstance.py:1083} INFO - Dependencies all met for <TaskInstance: twitter_status_with_image_update.kickOff scheduled__2023-03-31T00:00:00+00:00 [queued]>
[2023-04-01T12:48:41.051+0000] {taskinstance.py:1083} INFO - Dependencies all met for <TaskInstance: twitter_status_with_image_update.kickOff scheduled__2023-03-31T00:00:00+00:00 [queued]>
[2023-04-01T12:48:41.052+0000] {taskinstance.py:1279} INFO - 
--------------------------------------------------------------------------------
[2023-04-01T12:48:41.053+0000] {taskinstance.py:1280} INFO - Starting attempt 1 of 3
[2023-04-01T12:48:41.054+0000] {taskinstance.py:1281} INFO - 
--------------------------------------------------------------------------------
[2023-04-01T12:48:41.064+0000] {taskinstance.py:1300} INFO - Executing <Task(_PythonDecoratedOperator): kickOff> on 2023-03-31 00:00:00+00:00
[2023-04-01T12:48:41.069+0000] {standard_task_runner.py:55} INFO - Started process 10401 to run task
[2023-04-01T12:48:41.072+0000] {standard_task_runner.py:82} INFO - Running: ['***', 'tasks', 'run', 'twitter_status_with_image_update', 'kickOff', 'scheduled__2023-03-31T00:00:00+00:00', '--job-id', '97', '--raw', '--subdir', 'DAGS_FOLDER/twitterImageWithTextUpdatePipeline.py', '--cfg-path', '/tmp/tmp36lq8k_b']
[2023-04-01T12:48:41.074+0000] {standard_task_runner.py:83} INFO - Job 97: Subtask kickOff
[2023-04-01T12:48:41.241+0000] {task_command.py:388} INFO - Running <TaskInstance: twitter_status_with_image_update.kickOff scheduled__2023-03-31T00:00:00+00:00 [running]> on host 21dcead862af
[2023-04-01T12:48:41.344+0000] {taskinstance.py:1509} INFO - Exporting the following env vars:
AIRFLOW_CTX_DAG_OWNER=***
AIRFLOW_CTX_DAG_ID=twitter_status_with_image_update
AIRFLOW_CTX_TASK_ID=kickOff
AIRFLOW_CTX_EXECUTION_DATE=2023-03-31T00:00:00+00:00
AIRFLOW_CTX_TRY_NUMBER=1
AIRFLOW_CTX_DAG_RUN_ID=scheduled__2023-03-31T00:00:00+00:00
[2023-04-01T12:48:41.379+0000] {python.py:177} INFO - Done. Returned value was: 2023-04-01
[2023-04-01T12:48:41.437+0000] {taskinstance.py:1323} INFO - Marking task as SUCCESS. dag_id=twitter_status_with_image_update, task_id=kickOff, execution_date=20230331T000000, start_date=20230401T124841, end_date=20230401T124841
[2023-04-01T12:48:41.487+0000] {local_task_job.py:208} INFO - Task exited with return code 0
[2023-04-01T12:48:41.510+0000] {taskinstance.py:2578} INFO - 1 downstream tasks scheduled from follow-on schedule check
[2023-04-01T13:04:42.554+0000] {taskinstance.py:1083} INFO - Dependencies all met for <TaskInstance: twitter_status_with_image_update.kickOff scheduled__2023-03-31T00:00:00+00:00 [queued]>
[2023-04-01T13:04:42.564+0000] {taskinstance.py:1083} INFO - Dependencies all met for <TaskInstance: twitter_status_with_image_update.kickOff scheduled__2023-03-31T00:00:00+00:00 [queued]>
[2023-04-01T13:04:42.565+0000] {taskinstance.py:1279} INFO - 
--------------------------------------------------------------------------------
[2023-04-01T13:04:42.567+0000] {taskinstance.py:1280} INFO - Starting attempt 1 of 3
[2023-04-01T13:04:42.568+0000] {taskinstance.py:1281} INFO - 
--------------------------------------------------------------------------------
[2023-04-01T13:04:42.589+0000] {taskinstance.py:1300} INFO - Executing <Task(_PythonDecoratedOperator): kickOff> on 2023-03-31 00:00:00+00:00
[2023-04-01T13:04:42.603+0000] {standard_task_runner.py:55} INFO - Started process 11416 to run task
[2023-04-01T13:04:42.613+0000] {standard_task_runner.py:82} INFO - Running: ['***', 'tasks', 'run', 'twitter_status_with_image_update', 'kickOff', 'scheduled__2023-03-31T00:00:00+00:00', '--job-id', '105', '--raw', '--subdir', 'DAGS_FOLDER/twitterImageWithTextUpdatePipeline.py', '--cfg-path', '/tmp/tmp4_atngia']
[2023-04-01T13:04:42.619+0000] {standard_task_runner.py:83} INFO - Job 105: Subtask kickOff
[2023-04-01T13:04:42.713+0000] {task_command.py:388} INFO - Running <TaskInstance: twitter_status_with_image_update.kickOff scheduled__2023-03-31T00:00:00+00:00 [running]> on host 21dcead862af
[2023-04-01T13:04:42.782+0000] {taskinstance.py:1509} INFO - Exporting the following env vars:
AIRFLOW_CTX_DAG_OWNER=***
AIRFLOW_CTX_DAG_ID=twitter_status_with_image_update
AIRFLOW_CTX_TASK_ID=kickOff
AIRFLOW_CTX_EXECUTION_DATE=2023-03-31T00:00:00+00:00
AIRFLOW_CTX_TRY_NUMBER=1
AIRFLOW_CTX_DAG_RUN_ID=scheduled__2023-03-31T00:00:00+00:00
[2023-04-01T13:04:42.787+0000] {python.py:177} INFO - Done. Returned value was: 2023-04-01
[2023-04-01T13:04:42.811+0000] {taskinstance.py:1323} INFO - Marking task as SUCCESS. dag_id=twitter_status_with_image_update, task_id=kickOff, execution_date=20230331T000000, start_date=20230401T130442, end_date=20230401T130442
[2023-04-01T13:04:42.833+0000] {local_task_job.py:208} INFO - Task exited with return code 0
[2023-04-01T13:04:42.861+0000] {taskinstance.py:2578} INFO - 1 downstream tasks scheduled from follow-on schedule check
[2023-04-01T13:19:02.982+0000] {taskinstance.py:1083} INFO - Dependencies all met for <TaskInstance: twitter_status_with_image_update.kickOff scheduled__2023-03-31T00:00:00+00:00 [queued]>
[2023-04-01T13:19:02.991+0000] {taskinstance.py:1083} INFO - Dependencies all met for <TaskInstance: twitter_status_with_image_update.kickOff scheduled__2023-03-31T00:00:00+00:00 [queued]>
[2023-04-01T13:19:02.993+0000] {taskinstance.py:1279} INFO - 
--------------------------------------------------------------------------------
[2023-04-01T13:19:02.994+0000] {taskinstance.py:1280} INFO - Starting attempt 1 of 3
[2023-04-01T13:19:02.995+0000] {taskinstance.py:1281} INFO - 
--------------------------------------------------------------------------------
[2023-04-01T13:19:03.006+0000] {taskinstance.py:1300} INFO - Executing <Task(_PythonDecoratedOperator): kickOff> on 2023-03-31 00:00:00+00:00
[2023-04-01T13:19:03.014+0000] {standard_task_runner.py:55} INFO - Started process 12342 to run task
[2023-04-01T13:19:03.020+0000] {standard_task_runner.py:82} INFO - Running: ['***', 'tasks', 'run', 'twitter_status_with_image_update', 'kickOff', 'scheduled__2023-03-31T00:00:00+00:00', '--job-id', '117', '--raw', '--subdir', 'DAGS_FOLDER/twitterImageWithTextUpdatePipeline.py', '--cfg-path', '/tmp/tmpi69x01up']
[2023-04-01T13:19:03.025+0000] {standard_task_runner.py:83} INFO - Job 117: Subtask kickOff
[2023-04-01T13:19:03.166+0000] {task_command.py:388} INFO - Running <TaskInstance: twitter_status_with_image_update.kickOff scheduled__2023-03-31T00:00:00+00:00 [running]> on host 21dcead862af
[2023-04-01T13:19:03.242+0000] {taskinstance.py:1509} INFO - Exporting the following env vars:
AIRFLOW_CTX_DAG_OWNER=***
AIRFLOW_CTX_DAG_ID=twitter_status_with_image_update
AIRFLOW_CTX_TASK_ID=kickOff
AIRFLOW_CTX_EXECUTION_DATE=2023-03-31T00:00:00+00:00
AIRFLOW_CTX_TRY_NUMBER=1
AIRFLOW_CTX_DAG_RUN_ID=scheduled__2023-03-31T00:00:00+00:00
[2023-04-01T13:19:03.245+0000] {python.py:177} INFO - Done. Returned value was: 2023-04-01
[2023-04-01T13:19:03.279+0000] {taskinstance.py:1323} INFO - Marking task as SUCCESS. dag_id=twitter_status_with_image_update, task_id=kickOff, execution_date=20230331T000000, start_date=20230401T131902, end_date=20230401T131903
[2023-04-01T13:19:03.358+0000] {local_task_job.py:208} INFO - Task exited with return code 0
[2023-04-01T13:19:03.404+0000] {taskinstance.py:2578} INFO - 1 downstream tasks scheduled from follow-on schedule check
