[2023-04-01T17:38:25.391+0000] {taskinstance.py:1083} INFO - Dependencies all met for <TaskInstance: twitter_status_update.tweetText manual__2023-04-01T17:38:22.036743+00:00 [queued]>
[2023-04-01T17:38:25.398+0000] {taskinstance.py:1083} INFO - Dependencies all met for <TaskInstance: twitter_status_update.tweetText manual__2023-04-01T17:38:22.036743+00:00 [queued]>
[2023-04-01T17:38:25.399+0000] {taskinstance.py:1279} INFO - 
--------------------------------------------------------------------------------
[2023-04-01T17:38:25.400+0000] {taskinstance.py:1280} INFO - Starting attempt 1 of 3
[2023-04-01T17:38:25.400+0000] {taskinstance.py:1281} INFO - 
--------------------------------------------------------------------------------
[2023-04-01T17:38:25.409+0000] {taskinstance.py:1300} INFO - Executing <Task(_PythonDecoratedOperator): tweetText> on 2023-04-01 17:38:22.036743+00:00
[2023-04-01T17:38:25.414+0000] {standard_task_runner.py:55} INFO - Started process 7163 to run task
[2023-04-01T17:38:25.417+0000] {standard_task_runner.py:82} INFO - Running: ['***', 'tasks', 'run', 'twitter_status_update', 'tweetText', 'manual__2023-04-01T17:38:22.036743+00:00', '--job-id', '179', '--raw', '--subdir', 'DAGS_FOLDER/twitterStatusUpdatePipeline.py', '--cfg-path', '/tmp/tmpqsbt7ogf']
[2023-04-01T17:38:25.418+0000] {standard_task_runner.py:83} INFO - Job 179: Subtask tweetText
[2023-04-01T17:38:25.470+0000] {task_command.py:388} INFO - Running <TaskInstance: twitter_status_update.tweetText manual__2023-04-01T17:38:22.036743+00:00 [running]> on host 16ecf75c2681
[2023-04-01T17:38:25.521+0000] {taskinstance.py:1509} INFO - Exporting the following env vars:
AIRFLOW_CTX_DAG_OWNER=***
AIRFLOW_CTX_DAG_ID=twitter_status_update
AIRFLOW_CTX_TASK_ID=tweetText
AIRFLOW_CTX_EXECUTION_DATE=2023-04-01T17:38:22.036743+00:00
AIRFLOW_CTX_TRY_NUMBER=1
AIRFLOW_CTX_DAG_RUN_ID=manual__2023-04-01T17:38:22.036743+00:00
[2023-04-01T17:38:26.385+0000] {python.py:177} INFO - Done. Returned value was: 200
[2023-04-01T17:38:26.418+0000] {taskinstance.py:1323} INFO - Marking task as SUCCESS. dag_id=twitter_status_update, task_id=tweetText, execution_date=20230401T173822, start_date=20230401T173825, end_date=20230401T173826
[2023-04-01T17:38:26.451+0000] {local_task_job.py:208} INFO - Task exited with return code 0
[2023-04-01T17:38:26.464+0000] {taskinstance.py:2578} INFO - 0 downstream tasks scheduled from follow-on schedule check
