[2023-04-01T16:33:09.423+0000] {taskinstance.py:1083} INFO - Dependencies all met for <TaskInstance: pythonoperator_demo.download_image scheduled__2023-03-31T00:00:00+00:00 [queued]>
[2023-04-01T16:33:09.431+0000] {taskinstance.py:1083} INFO - Dependencies all met for <TaskInstance: pythonoperator_demo.download_image scheduled__2023-03-31T00:00:00+00:00 [queued]>
[2023-04-01T16:33:09.432+0000] {taskinstance.py:1279} INFO - 
--------------------------------------------------------------------------------
[2023-04-01T16:33:09.433+0000] {taskinstance.py:1280} INFO - Starting attempt 1 of 1
[2023-04-01T16:33:09.433+0000] {taskinstance.py:1281} INFO - 
--------------------------------------------------------------------------------
[2023-04-01T16:33:09.445+0000] {taskinstance.py:1300} INFO - Executing <Task(PythonOperator): download_image> on 2023-03-31 00:00:00+00:00
[2023-04-01T16:33:09.451+0000] {standard_task_runner.py:55} INFO - Started process 3065 to run task
[2023-04-01T16:33:09.458+0000] {standard_task_runner.py:82} INFO - Running: ['***', 'tasks', 'run', 'pythonoperator_demo', 'download_image', 'scheduled__2023-03-31T00:00:00+00:00', '--job-id', '168', '--raw', '--subdir', 'DAGS_FOLDER/pythonoperator_demo.py', '--cfg-path', '/tmp/tmp_9ert95y']
[2023-04-01T16:33:09.459+0000] {standard_task_runner.py:83} INFO - Job 168: Subtask download_image
[2023-04-01T16:33:09.518+0000] {task_command.py:388} INFO - Running <TaskInstance: pythonoperator_demo.download_image scheduled__2023-03-31T00:00:00+00:00 [running]> on host 16ecf75c2681
[2023-04-01T16:33:09.578+0000] {taskinstance.py:1509} INFO - Exporting the following env vars:
AIRFLOW_CTX_DAG_OWNER=***
AIRFLOW_CTX_DAG_ID=pythonoperator_demo
AIRFLOW_CTX_TASK_ID=download_image
AIRFLOW_CTX_EXECUTION_DATE=2023-03-31T00:00:00+00:00
AIRFLOW_CTX_TRY_NUMBER=1
AIRFLOW_CTX_DAG_RUN_ID=scheduled__2023-03-31T00:00:00+00:00
[2023-04-01T16:33:09.586+0000] {_default.py:649} WARNING - No project ID could be determined. Consider running `gcloud config set project` or setting the GOOGLE_CLOUD_PROJECT environment variable
[2023-04-01T16:33:10.440+0000] {python.py:177} INFO - Done. Returned value was: BoolDataTypeKeyword_ManimCE_v0.17.2.png
[2023-04-01T16:33:10.482+0000] {taskinstance.py:1323} INFO - Marking task as SUCCESS. dag_id=pythonoperator_demo, task_id=download_image, execution_date=20230331T000000, start_date=20230401T163309, end_date=20230401T163310
[2023-04-01T16:33:10.519+0000] {local_task_job.py:208} INFO - Task exited with return code 0
[2023-04-01T16:33:10.538+0000] {taskinstance.py:2578} INFO - 1 downstream tasks scheduled from follow-on schedule check
