[2023-04-01T16:13:39.207+0000] {taskinstance.py:1083} INFO - Dependencies all met for <TaskInstance: pythonoperator_demo.python_task manual__2023-04-01T16:13:36.754717+00:00 [queued]>
[2023-04-01T16:13:39.220+0000] {taskinstance.py:1083} INFO - Dependencies all met for <TaskInstance: pythonoperator_demo.python_task manual__2023-04-01T16:13:36.754717+00:00 [queued]>
[2023-04-01T16:13:39.222+0000] {taskinstance.py:1279} INFO - 
--------------------------------------------------------------------------------
[2023-04-01T16:13:39.223+0000] {taskinstance.py:1280} INFO - Starting attempt 1 of 1
[2023-04-01T16:13:39.225+0000] {taskinstance.py:1281} INFO - 
--------------------------------------------------------------------------------
[2023-04-01T16:13:39.238+0000] {taskinstance.py:1300} INFO - Executing <Task(PythonOperator): python_task> on 2023-04-01 16:13:36.754717+00:00
[2023-04-01T16:13:39.259+0000] {standard_task_runner.py:55} INFO - Started process 1828 to run task
[2023-04-01T16:13:39.285+0000] {standard_task_runner.py:82} INFO - Running: ['***', 'tasks', 'run', 'pythonoperator_demo', 'python_task', 'manual__2023-04-01T16:13:36.754717+00:00', '--job-id', '151', '--raw', '--subdir', 'DAGS_FOLDER/pythonoperator_demo.py', '--cfg-path', '/tmp/tmpvxy38w5_']
[2023-04-01T16:13:39.298+0000] {standard_task_runner.py:83} INFO - Job 151: Subtask python_task
[2023-04-01T16:13:39.486+0000] {task_command.py:388} INFO - Running <TaskInstance: pythonoperator_demo.python_task manual__2023-04-01T16:13:36.754717+00:00 [running]> on host 16ecf75c2681
[2023-04-01T16:13:39.549+0000] {taskinstance.py:1509} INFO - Exporting the following env vars:
AIRFLOW_CTX_DAG_OWNER=***
AIRFLOW_CTX_DAG_ID=pythonoperator_demo
AIRFLOW_CTX_TASK_ID=python_task
AIRFLOW_CTX_EXECUTION_DATE=2023-04-01T16:13:36.754717+00:00
AIRFLOW_CTX_TRY_NUMBER=1
AIRFLOW_CTX_DAG_RUN_ID=manual__2023-04-01T16:13:36.754717+00:00
[2023-04-01T16:13:39.555+0000] {_default.py:649} WARNING - No project ID could be determined. Consider running `gcloud config set project` or setting the GOOGLE_CLOUD_PROJECT environment variable
[2023-04-01T16:13:40.370+0000] {logging_mixin.py:137} INFO - ['/opt/***BoolDataTypeKeyword_ManimCE_v0.17.2.png']
[2023-04-01T16:13:40.371+0000] {python.py:177} INFO - Done. Returned value was: ['/opt/***BoolDataTypeKeyword_ManimCE_v0.17.2.png']
[2023-04-01T16:13:40.387+0000] {taskinstance.py:1323} INFO - Marking task as SUCCESS. dag_id=pythonoperator_demo, task_id=python_task, execution_date=20230401T161336, start_date=20230401T161339, end_date=20230401T161340
[2023-04-01T16:13:40.409+0000] {local_task_job.py:208} INFO - Task exited with return code 0
[2023-04-01T16:13:40.422+0000] {taskinstance.py:2578} INFO - 0 downstream tasks scheduled from follow-on schedule check
