[2023-04-01T12:45:07.370+0000] {taskinstance.py:1083} INFO - Dependencies all met for <TaskInstance: twitter_status_with_image_update.get_folder_images scheduled__2023-03-31T00:00:00+00:00 [queued]>
[2023-04-01T12:45:07.382+0000] {taskinstance.py:1083} INFO - Dependencies all met for <TaskInstance: twitter_status_with_image_update.get_folder_images scheduled__2023-03-31T00:00:00+00:00 [queued]>
[2023-04-01T12:45:07.383+0000] {taskinstance.py:1279} INFO - 
--------------------------------------------------------------------------------
[2023-04-01T12:45:07.385+0000] {taskinstance.py:1280} INFO - Starting attempt 1 of 3
[2023-04-01T12:45:07.386+0000] {taskinstance.py:1281} INFO - 
--------------------------------------------------------------------------------
[2023-04-01T12:45:07.404+0000] {taskinstance.py:1300} INFO - Executing <Task(_PythonDecoratedOperator): get_folder_images> on 2023-03-31 00:00:00+00:00
[2023-04-01T12:45:07.410+0000] {standard_task_runner.py:55} INFO - Started process 10164 to run task
[2023-04-01T12:45:07.413+0000] {standard_task_runner.py:82} INFO - Running: ['***', 'tasks', 'run', 'twitter_status_with_image_update', 'get_folder_images', 'scheduled__2023-03-31T00:00:00+00:00', '--job-id', '92', '--raw', '--subdir', 'DAGS_FOLDER/twitterImageWithTextUpdatePipeline.py', '--cfg-path', '/tmp/tmppfqzceaz']
[2023-04-01T12:45:07.417+0000] {standard_task_runner.py:83} INFO - Job 92: Subtask get_folder_images
[2023-04-01T12:45:07.512+0000] {task_command.py:388} INFO - Running <TaskInstance: twitter_status_with_image_update.get_folder_images scheduled__2023-03-31T00:00:00+00:00 [running]> on host 21dcead862af
[2023-04-01T12:45:07.624+0000] {taskinstance.py:1509} INFO - Exporting the following env vars:
AIRFLOW_CTX_DAG_OWNER=***
AIRFLOW_CTX_DAG_ID=twitter_status_with_image_update
AIRFLOW_CTX_TASK_ID=get_folder_images
AIRFLOW_CTX_EXECUTION_DATE=2023-03-31T00:00:00+00:00
AIRFLOW_CTX_TRY_NUMBER=1
AIRFLOW_CTX_DAG_RUN_ID=scheduled__2023-03-31T00:00:00+00:00
[2023-04-01T12:45:07.640+0000] {_default.py:649} WARNING - No project ID could be determined. Consider running `gcloud config set project` or setting the GOOGLE_CLOUD_PROJECT environment variable
[2023-04-01T12:45:07.643+0000] {taskinstance.py:1768} ERROR - Task failed with exception
Traceback (most recent call last):
  File "/home/airflow/.local/lib/python3.7/site-packages/airflow/decorators/base.py", line 217, in execute
    return_value = super().execute(context)
  File "/home/airflow/.local/lib/python3.7/site-packages/airflow/operators/python.py", line 175, in execute
    return_value = self.execute_callable()
  File "/home/airflow/.local/lib/python3.7/site-packages/airflow/operators/python.py", line 192, in execute_callable
    return self.python_callable(*self.op_args, **self.op_kwargs)
  File "/opt/airflow/dags/twitterImageWithTextUpdatePipeline.py", line 34, in get_folder_images
    image_names = image_client.get_file_names(folder_path)
  File "/opt/airflow/dags/utils/get_bq_image.py", line 37, in get_file_names
    client = storage.Client()
  File "/home/airflow/.local/lib/python3.7/site-packages/google/cloud/storage/client.py", line 171, in __init__
    _http=_http,
  File "/home/airflow/.local/lib/python3.7/site-packages/google/cloud/client/__init__.py", line 320, in __init__
    _ClientProjectMixin.__init__(self, project=project, credentials=credentials)
  File "/home/airflow/.local/lib/python3.7/site-packages/google/cloud/client/__init__.py", line 272, in __init__
    "Project was not passed and could not be "
OSError: Project was not passed and could not be determined from the environment.
[2023-04-01T12:45:07.668+0000] {taskinstance.py:1323} INFO - Marking task as UP_FOR_RETRY. dag_id=twitter_status_with_image_update, task_id=get_folder_images, execution_date=20230331T000000, start_date=20230401T124507, end_date=20230401T124507
[2023-04-01T12:45:07.694+0000] {standard_task_runner.py:105} ERROR - Failed to execute job 92 for task get_folder_images (Project was not passed and could not be determined from the environment.; 10164)
[2023-04-01T12:45:07.748+0000] {local_task_job.py:208} INFO - Task exited with return code 1
[2023-04-01T12:45:07.766+0000] {taskinstance.py:2578} INFO - 0 downstream tasks scheduled from follow-on schedule check
[2023-04-01T12:47:29.168+0000] {taskinstance.py:1083} INFO - Dependencies all met for <TaskInstance: twitter_status_with_image_update.get_folder_images scheduled__2023-03-31T00:00:00+00:00 [queued]>
[2023-04-01T12:47:29.176+0000] {taskinstance.py:1083} INFO - Dependencies all met for <TaskInstance: twitter_status_with_image_update.get_folder_images scheduled__2023-03-31T00:00:00+00:00 [queued]>
[2023-04-01T12:47:29.178+0000] {taskinstance.py:1279} INFO - 
--------------------------------------------------------------------------------
[2023-04-01T12:47:29.179+0000] {taskinstance.py:1280} INFO - Starting attempt 1 of 3
[2023-04-01T12:47:29.180+0000] {taskinstance.py:1281} INFO - 
--------------------------------------------------------------------------------
[2023-04-01T12:47:29.188+0000] {taskinstance.py:1300} INFO - Executing <Task(_PythonDecoratedOperator): get_folder_images> on 2023-03-31 00:00:00+00:00
[2023-04-01T12:47:29.194+0000] {standard_task_runner.py:55} INFO - Started process 10316 to run task
[2023-04-01T12:47:29.196+0000] {standard_task_runner.py:82} INFO - Running: ['***', 'tasks', 'run', 'twitter_status_with_image_update', 'get_folder_images', 'scheduled__2023-03-31T00:00:00+00:00', '--job-id', '95', '--raw', '--subdir', 'DAGS_FOLDER/twitterImageWithTextUpdatePipeline.py', '--cfg-path', '/tmp/tmpu81tpbni']
[2023-04-01T12:47:29.198+0000] {standard_task_runner.py:83} INFO - Job 95: Subtask get_folder_images
[2023-04-01T12:47:29.244+0000] {task_command.py:388} INFO - Running <TaskInstance: twitter_status_with_image_update.get_folder_images scheduled__2023-03-31T00:00:00+00:00 [running]> on host 21dcead862af
[2023-04-01T12:47:29.292+0000] {taskinstance.py:1509} INFO - Exporting the following env vars:
AIRFLOW_CTX_DAG_OWNER=***
AIRFLOW_CTX_DAG_ID=twitter_status_with_image_update
AIRFLOW_CTX_TASK_ID=get_folder_images
AIRFLOW_CTX_EXECUTION_DATE=2023-03-31T00:00:00+00:00
AIRFLOW_CTX_TRY_NUMBER=1
AIRFLOW_CTX_DAG_RUN_ID=scheduled__2023-03-31T00:00:00+00:00
[2023-04-01T12:47:29.299+0000] {_default.py:649} WARNING - No project ID could be determined. Consider running `gcloud config set project` or setting the GOOGLE_CLOUD_PROJECT environment variable
[2023-04-01T12:47:30.029+0000] {logging_mixin.py:137} INFO - ['twitter_python_keywords/BoolDataTypeKeyword_ManimCE_v0.17.2.png', 'twitter_python_keywords/BreakKeyword_ManimCE_v0.17.2.png', 'twitter_python_keywords/ClassesKeyword_ManimCE_v0.17.2.png', 'twitter_python_keywords/ConditionalKeyword_ManimCE_v0.17.2.png', 'twitter_python_keywords/ContinueKeyword_ManimCE_v0.17.2.png', 'twitter_python_keywords/DefKeyword_ManimCE_v0.17.2.png', 'twitter_python_keywords/InKeyword_ManimCE_v0.17.2.png', 'twitter_python_keywords/IsKeyword_ManimCE_v0.17.2.png', 'twitter_python_keywords/LambdasKeyword_ManimCE_v0.17.2.png', 'twitter_python_keywords/LogicalOperatorKeyword_ManimCE_v0.17.2.png', 'twitter_python_keywords/LoopKeyword_ManimCE_v0.17.2.png', 'twitter_python_keywords/NonesKeyword_ManimCE_v0.17.2.png', 'twitter_python_keywords/ReturnsKeyword_ManimCE_v0.17.2.png']
[2023-04-01T12:47:30.033+0000] {python.py:177} INFO - Done. Returned value was: None
[2023-04-01T12:47:30.055+0000] {taskinstance.py:1323} INFO - Marking task as SUCCESS. dag_id=twitter_status_with_image_update, task_id=get_folder_images, execution_date=20230331T000000, start_date=20230401T124729, end_date=20230401T124730
[2023-04-01T12:47:30.111+0000] {local_task_job.py:208} INFO - Task exited with return code 0
[2023-04-01T12:47:30.124+0000] {taskinstance.py:2578} INFO - 0 downstream tasks scheduled from follow-on schedule check
[2023-04-01T12:48:42.164+0000] {taskinstance.py:1083} INFO - Dependencies all met for <TaskInstance: twitter_status_with_image_update.get_folder_images scheduled__2023-03-31T00:00:00+00:00 [queued]>
[2023-04-01T12:48:42.172+0000] {taskinstance.py:1083} INFO - Dependencies all met for <TaskInstance: twitter_status_with_image_update.get_folder_images scheduled__2023-03-31T00:00:00+00:00 [queued]>
[2023-04-01T12:48:42.174+0000] {taskinstance.py:1279} INFO - 
--------------------------------------------------------------------------------
[2023-04-01T12:48:42.175+0000] {taskinstance.py:1280} INFO - Starting attempt 1 of 3
[2023-04-01T12:48:42.176+0000] {taskinstance.py:1281} INFO - 
--------------------------------------------------------------------------------
[2023-04-01T12:48:42.184+0000] {taskinstance.py:1300} INFO - Executing <Task(_PythonDecoratedOperator): get_folder_images> on 2023-03-31 00:00:00+00:00
[2023-04-01T12:48:42.189+0000] {standard_task_runner.py:55} INFO - Started process 10409 to run task
[2023-04-01T12:48:42.192+0000] {standard_task_runner.py:82} INFO - Running: ['***', 'tasks', 'run', 'twitter_status_with_image_update', 'get_folder_images', 'scheduled__2023-03-31T00:00:00+00:00', '--job-id', '100', '--raw', '--subdir', 'DAGS_FOLDER/twitterImageWithTextUpdatePipeline.py', '--cfg-path', '/tmp/tmpsyd8v00o']
[2023-04-01T12:48:42.193+0000] {standard_task_runner.py:83} INFO - Job 100: Subtask get_folder_images
[2023-04-01T12:48:42.235+0000] {task_command.py:388} INFO - Running <TaskInstance: twitter_status_with_image_update.get_folder_images scheduled__2023-03-31T00:00:00+00:00 [running]> on host 21dcead862af
[2023-04-01T12:48:42.297+0000] {taskinstance.py:1509} INFO - Exporting the following env vars:
AIRFLOW_CTX_DAG_OWNER=***
AIRFLOW_CTX_DAG_ID=twitter_status_with_image_update
AIRFLOW_CTX_TASK_ID=get_folder_images
AIRFLOW_CTX_EXECUTION_DATE=2023-03-31T00:00:00+00:00
AIRFLOW_CTX_TRY_NUMBER=1
AIRFLOW_CTX_DAG_RUN_ID=scheduled__2023-03-31T00:00:00+00:00
[2023-04-01T12:48:42.307+0000] {_default.py:649} WARNING - No project ID could be determined. Consider running `gcloud config set project` or setting the GOOGLE_CLOUD_PROJECT environment variable
[2023-04-01T12:48:42.982+0000] {logging_mixin.py:137} INFO - ['twitter_python_keywords/BoolDataTypeKeyword_ManimCE_v0.17.2.png', 'twitter_python_keywords/BreakKeyword_ManimCE_v0.17.2.png', 'twitter_python_keywords/ClassesKeyword_ManimCE_v0.17.2.png', 'twitter_python_keywords/ConditionalKeyword_ManimCE_v0.17.2.png', 'twitter_python_keywords/ContinueKeyword_ManimCE_v0.17.2.png', 'twitter_python_keywords/DefKeyword_ManimCE_v0.17.2.png', 'twitter_python_keywords/InKeyword_ManimCE_v0.17.2.png', 'twitter_python_keywords/IsKeyword_ManimCE_v0.17.2.png', 'twitter_python_keywords/LambdasKeyword_ManimCE_v0.17.2.png', 'twitter_python_keywords/LogicalOperatorKeyword_ManimCE_v0.17.2.png', 'twitter_python_keywords/LoopKeyword_ManimCE_v0.17.2.png', 'twitter_python_keywords/NonesKeyword_ManimCE_v0.17.2.png', 'twitter_python_keywords/ReturnsKeyword_ManimCE_v0.17.2.png']
[2023-04-01T12:48:42.984+0000] {python.py:177} INFO - Done. Returned value was: None
[2023-04-01T12:48:42.995+0000] {taskinstance.py:1323} INFO - Marking task as SUCCESS. dag_id=twitter_status_with_image_update, task_id=get_folder_images, execution_date=20230331T000000, start_date=20230401T124842, end_date=20230401T124842
[2023-04-01T12:48:43.063+0000] {local_task_job.py:208} INFO - Task exited with return code 0
[2023-04-01T12:48:43.091+0000] {taskinstance.py:2578} INFO - 0 downstream tasks scheduled from follow-on schedule check
[2023-04-01T13:04:43.576+0000] {taskinstance.py:1083} INFO - Dependencies all met for <TaskInstance: twitter_status_with_image_update.get_folder_images scheduled__2023-03-31T00:00:00+00:00 [queued]>
[2023-04-01T13:04:43.585+0000] {taskinstance.py:1083} INFO - Dependencies all met for <TaskInstance: twitter_status_with_image_update.get_folder_images scheduled__2023-03-31T00:00:00+00:00 [queued]>
[2023-04-01T13:04:43.587+0000] {taskinstance.py:1279} INFO - 
--------------------------------------------------------------------------------
[2023-04-01T13:04:43.588+0000] {taskinstance.py:1280} INFO - Starting attempt 1 of 3
[2023-04-01T13:04:43.589+0000] {taskinstance.py:1281} INFO - 
--------------------------------------------------------------------------------
[2023-04-01T13:04:43.600+0000] {taskinstance.py:1300} INFO - Executing <Task(_PythonDecoratedOperator): get_folder_images> on 2023-03-31 00:00:00+00:00
[2023-04-01T13:04:43.606+0000] {standard_task_runner.py:55} INFO - Started process 11429 to run task
[2023-04-01T13:04:43.613+0000] {standard_task_runner.py:82} INFO - Running: ['***', 'tasks', 'run', 'twitter_status_with_image_update', 'get_folder_images', 'scheduled__2023-03-31T00:00:00+00:00', '--job-id', '107', '--raw', '--subdir', 'DAGS_FOLDER/twitterImageWithTextUpdatePipeline.py', '--cfg-path', '/tmp/tmp1a9b4zk5']
[2023-04-01T13:04:43.615+0000] {standard_task_runner.py:83} INFO - Job 107: Subtask get_folder_images
[2023-04-01T13:04:43.693+0000] {task_command.py:388} INFO - Running <TaskInstance: twitter_status_with_image_update.get_folder_images scheduled__2023-03-31T00:00:00+00:00 [running]> on host 21dcead862af
[2023-04-01T13:04:43.796+0000] {taskinstance.py:1509} INFO - Exporting the following env vars:
AIRFLOW_CTX_DAG_OWNER=***
AIRFLOW_CTX_DAG_ID=twitter_status_with_image_update
AIRFLOW_CTX_TASK_ID=get_folder_images
AIRFLOW_CTX_EXECUTION_DATE=2023-03-31T00:00:00+00:00
AIRFLOW_CTX_TRY_NUMBER=1
AIRFLOW_CTX_DAG_RUN_ID=scheduled__2023-03-31T00:00:00+00:00
[2023-04-01T13:04:43.809+0000] {_default.py:649} WARNING - No project ID could be determined. Consider running `gcloud config set project` or setting the GOOGLE_CLOUD_PROJECT environment variable
[2023-04-01T13:04:44.890+0000] {logging_mixin.py:137} INFO - Today's Image to upload BoolDataTypeKeyword_ManimCE_v0.17.2.png
[2023-04-01T13:04:44.901+0000] {python.py:177} INFO - Done. Returned value was: {'image_name': 'BoolDataTypeKeyword_ManimCE_v0.17.2.png', 'image_path': 'twitter_python_keywords/BoolDataTypeKeyword_ManimCE_v0.17.2.png'}
[2023-04-01T13:04:45.018+0000] {taskinstance.py:1323} INFO - Marking task as SUCCESS. dag_id=twitter_status_with_image_update, task_id=get_folder_images, execution_date=20230331T000000, start_date=20230401T130443, end_date=20230401T130445
[2023-04-01T13:04:45.127+0000] {local_task_job.py:208} INFO - Task exited with return code 0
[2023-04-01T13:04:45.179+0000] {taskinstance.py:2578} INFO - 1 downstream tasks scheduled from follow-on schedule check
[2023-04-01T13:19:04.158+0000] {taskinstance.py:1083} INFO - Dependencies all met for <TaskInstance: twitter_status_with_image_update.get_folder_images scheduled__2023-03-31T00:00:00+00:00 [queued]>
[2023-04-01T13:19:04.168+0000] {taskinstance.py:1083} INFO - Dependencies all met for <TaskInstance: twitter_status_with_image_update.get_folder_images scheduled__2023-03-31T00:00:00+00:00 [queued]>
[2023-04-01T13:19:04.172+0000] {taskinstance.py:1279} INFO - 
--------------------------------------------------------------------------------
[2023-04-01T13:19:04.175+0000] {taskinstance.py:1280} INFO - Starting attempt 1 of 3
[2023-04-01T13:19:04.177+0000] {taskinstance.py:1281} INFO - 
--------------------------------------------------------------------------------
[2023-04-01T13:19:04.200+0000] {taskinstance.py:1300} INFO - Executing <Task(_PythonDecoratedOperator): get_folder_images> on 2023-03-31 00:00:00+00:00
[2023-04-01T13:19:04.210+0000] {standard_task_runner.py:55} INFO - Started process 12347 to run task
[2023-04-01T13:19:04.217+0000] {standard_task_runner.py:82} INFO - Running: ['***', 'tasks', 'run', 'twitter_status_with_image_update', 'get_folder_images', 'scheduled__2023-03-31T00:00:00+00:00', '--job-id', '120', '--raw', '--subdir', 'DAGS_FOLDER/twitterImageWithTextUpdatePipeline.py', '--cfg-path', '/tmp/tmpbjh5_gak']
[2023-04-01T13:19:04.219+0000] {standard_task_runner.py:83} INFO - Job 120: Subtask get_folder_images
[2023-04-01T13:19:04.329+0000] {task_command.py:388} INFO - Running <TaskInstance: twitter_status_with_image_update.get_folder_images scheduled__2023-03-31T00:00:00+00:00 [running]> on host 21dcead862af
[2023-04-01T13:19:04.428+0000] {taskinstance.py:1509} INFO - Exporting the following env vars:
AIRFLOW_CTX_DAG_OWNER=***
AIRFLOW_CTX_DAG_ID=twitter_status_with_image_update
AIRFLOW_CTX_TASK_ID=get_folder_images
AIRFLOW_CTX_EXECUTION_DATE=2023-03-31T00:00:00+00:00
AIRFLOW_CTX_TRY_NUMBER=1
AIRFLOW_CTX_DAG_RUN_ID=scheduled__2023-03-31T00:00:00+00:00
[2023-04-01T13:19:04.438+0000] {_default.py:649} WARNING - No project ID could be determined. Consider running `gcloud config set project` or setting the GOOGLE_CLOUD_PROJECT environment variable
[2023-04-01T13:19:07.443+0000] {logging_mixin.py:137} INFO - Today's Image to upload BoolDataTypeKeyword_ManimCE_v0.17.2.png
[2023-04-01T13:19:07.445+0000] {python.py:177} INFO - Done. Returned value was: {'image_name': 'BoolDataTypeKeyword_ManimCE_v0.17.2.png', 'image_path': 'twitter_python_keywords/BoolDataTypeKeyword_ManimCE_v0.17.2.png'}
[2023-04-01T13:19:07.489+0000] {taskinstance.py:1323} INFO - Marking task as SUCCESS. dag_id=twitter_status_with_image_update, task_id=get_folder_images, execution_date=20230331T000000, start_date=20230401T131904, end_date=20230401T131907
[2023-04-01T13:19:07.544+0000] {local_task_job.py:208} INFO - Task exited with return code 0
[2023-04-01T13:19:07.580+0000] {taskinstance.py:2578} INFO - 1 downstream tasks scheduled from follow-on schedule check
