[2023-04-01T13:07:32.584+0000] {taskinstance.py:1083} INFO - Dependencies all met for <TaskInstance: twitter_status_with_image_update.get_folder_images manual__2023-04-01T13:07:30.235560+00:00 [queued]>
[2023-04-01T13:07:32.590+0000] {taskinstance.py:1083} INFO - Dependencies all met for <TaskInstance: twitter_status_with_image_update.get_folder_images manual__2023-04-01T13:07:30.235560+00:00 [queued]>
[2023-04-01T13:07:32.591+0000] {taskinstance.py:1279} INFO - 
--------------------------------------------------------------------------------
[2023-04-01T13:07:32.592+0000] {taskinstance.py:1280} INFO - Starting attempt 1 of 3
[2023-04-01T13:07:32.593+0000] {taskinstance.py:1281} INFO - 
--------------------------------------------------------------------------------
[2023-04-01T13:07:32.602+0000] {taskinstance.py:1300} INFO - Executing <Task(_PythonDecoratedOperator): get_folder_images> on 2023-04-01 13:07:30.235560+00:00
[2023-04-01T13:07:32.607+0000] {standard_task_runner.py:55} INFO - Started process 11615 to run task
[2023-04-01T13:07:32.611+0000] {standard_task_runner.py:82} INFO - Running: ['***', 'tasks', 'run', 'twitter_status_with_image_update', 'get_folder_images', 'manual__2023-04-01T13:07:30.235560+00:00', '--job-id', '115', '--raw', '--subdir', 'DAGS_FOLDER/twitterImageWithTextUpdatePipeline.py', '--cfg-path', '/tmp/tmpehpkei6u']
[2023-04-01T13:07:32.612+0000] {standard_task_runner.py:83} INFO - Job 115: Subtask get_folder_images
[2023-04-01T13:07:32.666+0000] {task_command.py:388} INFO - Running <TaskInstance: twitter_status_with_image_update.get_folder_images manual__2023-04-01T13:07:30.235560+00:00 [running]> on host 21dcead862af
[2023-04-01T13:07:32.726+0000] {taskinstance.py:1509} INFO - Exporting the following env vars:
AIRFLOW_CTX_DAG_OWNER=***
AIRFLOW_CTX_DAG_ID=twitter_status_with_image_update
AIRFLOW_CTX_TASK_ID=get_folder_images
AIRFLOW_CTX_EXECUTION_DATE=2023-04-01T13:07:30.235560+00:00
AIRFLOW_CTX_TRY_NUMBER=1
AIRFLOW_CTX_DAG_RUN_ID=manual__2023-04-01T13:07:30.235560+00:00
[2023-04-01T13:07:32.733+0000] {_default.py:649} WARNING - No project ID could be determined. Consider running `gcloud config set project` or setting the GOOGLE_CLOUD_PROJECT environment variable
[2023-04-01T13:07:33.486+0000] {logging_mixin.py:137} INFO - Today's Image to upload BoolDataTypeKeyword_ManimCE_v0.17.2.png
[2023-04-01T13:07:33.492+0000] {python.py:177} INFO - Done. Returned value was: {'image_name': 'BoolDataTypeKeyword_ManimCE_v0.17.2.png', 'image_path': 'twitter_python_keywords/BoolDataTypeKeyword_ManimCE_v0.17.2.png'}
[2023-04-01T13:07:33.546+0000] {taskinstance.py:1323} INFO - Marking task as SUCCESS. dag_id=twitter_status_with_image_update, task_id=get_folder_images, execution_date=20230401T130730, start_date=20230401T130732, end_date=20230401T130733
[2023-04-01T13:07:33.590+0000] {local_task_job.py:208} INFO - Task exited with return code 0
[2023-04-01T13:07:33.607+0000] {taskinstance.py:2578} INFO - 0 downstream tasks scheduled from follow-on schedule check
