[2023-04-01T13:04:42.565+0000] {taskinstance.py:1083} INFO - Dependencies all met for <TaskInstance: twitter_status_with_image_update.kickOff manual__2023-04-01T13:04:41.408497+00:00 [queued]>
[2023-04-01T13:04:42.573+0000] {taskinstance.py:1083} INFO - Dependencies all met for <TaskInstance: twitter_status_with_image_update.kickOff manual__2023-04-01T13:04:41.408497+00:00 [queued]>
[2023-04-01T13:04:42.574+0000] {taskinstance.py:1279} INFO - 
--------------------------------------------------------------------------------
[2023-04-01T13:04:42.575+0000] {taskinstance.py:1280} INFO - Starting attempt 1 of 3
[2023-04-01T13:04:42.576+0000] {taskinstance.py:1281} INFO - 
--------------------------------------------------------------------------------
[2023-04-01T13:04:42.605+0000] {taskinstance.py:1300} INFO - Executing <Task(_PythonDecoratedOperator): kickOff> on 2023-04-01 13:04:41.408497+00:00
[2023-04-01T13:04:42.623+0000] {standard_task_runner.py:55} INFO - Started process 11417 to run task
[2023-04-01T13:04:42.635+0000] {standard_task_runner.py:82} INFO - Running: ['***', 'tasks', 'run', 'twitter_status_with_image_update', 'kickOff', 'manual__2023-04-01T13:04:41.408497+00:00', '--job-id', '106', '--raw', '--subdir', 'DAGS_FOLDER/twitterImageWithTextUpdatePipeline.py', '--cfg-path', '/tmp/tmpgfoneuoy']
[2023-04-01T13:04:42.638+0000] {standard_task_runner.py:83} INFO - Job 106: Subtask kickOff
[2023-04-01T13:04:42.727+0000] {task_command.py:388} INFO - Running <TaskInstance: twitter_status_with_image_update.kickOff manual__2023-04-01T13:04:41.408497+00:00 [running]> on host 21dcead862af
[2023-04-01T13:04:42.796+0000] {taskinstance.py:1509} INFO - Exporting the following env vars:
AIRFLOW_CTX_DAG_OWNER=***
AIRFLOW_CTX_DAG_ID=twitter_status_with_image_update
AIRFLOW_CTX_TASK_ID=kickOff
AIRFLOW_CTX_EXECUTION_DATE=2023-04-01T13:04:41.408497+00:00
AIRFLOW_CTX_TRY_NUMBER=1
AIRFLOW_CTX_DAG_RUN_ID=manual__2023-04-01T13:04:41.408497+00:00
[2023-04-01T13:04:42.801+0000] {python.py:177} INFO - Done. Returned value was: 2023-04-01
[2023-04-01T13:04:42.823+0000] {taskinstance.py:1323} INFO - Marking task as SUCCESS. dag_id=twitter_status_with_image_update, task_id=kickOff, execution_date=20230401T130441, start_date=20230401T130442, end_date=20230401T130442
[2023-04-01T13:04:42.846+0000] {local_task_job.py:208} INFO - Task exited with return code 0
[2023-04-01T13:04:42.874+0000] {taskinstance.py:2578} INFO - 1 downstream tasks scheduled from follow-on schedule check
