[2023-04-01T18:26:50.027+0000] {taskinstance.py:1083} INFO - Dependencies all met for <TaskInstance: twitter_status_update.kickOff manual__2023-04-01T18:26:48.117476+00:00 [queued]>
[2023-04-01T18:26:50.041+0000] {taskinstance.py:1083} INFO - Dependencies all met for <TaskInstance: twitter_status_update.kickOff manual__2023-04-01T18:26:48.117476+00:00 [queued]>
[2023-04-01T18:26:50.042+0000] {taskinstance.py:1279} INFO - 
--------------------------------------------------------------------------------
[2023-04-01T18:26:50.043+0000] {taskinstance.py:1280} INFO - Starting attempt 1 of 3
[2023-04-01T18:26:50.044+0000] {taskinstance.py:1281} INFO - 
--------------------------------------------------------------------------------
[2023-04-01T18:26:50.056+0000] {taskinstance.py:1300} INFO - Executing <Task(_PythonDecoratedOperator): kickOff> on 2023-04-01 18:26:48.117476+00:00
[2023-04-01T18:26:50.062+0000] {standard_task_runner.py:55} INFO - Started process 125 to run task
[2023-04-01T18:26:50.065+0000] {standard_task_runner.py:82} INFO - Running: ['***', 'tasks', 'run', 'twitter_status_update', 'kickOff', 'manual__2023-04-01T18:26:48.117476+00:00', '--job-id', '184', '--raw', '--subdir', 'DAGS_FOLDER/twitterStatusUpdatePipeline.py', '--cfg-path', '/tmp/tmp0c4cz525']
[2023-04-01T18:26:50.067+0000] {standard_task_runner.py:83} INFO - Job 184: Subtask kickOff
[2023-04-01T18:26:50.114+0000] {task_command.py:388} INFO - Running <TaskInstance: twitter_status_update.kickOff manual__2023-04-01T18:26:48.117476+00:00 [running]> on host 0fbd013c70b0
[2023-04-01T18:26:50.157+0000] {taskinstance.py:1509} INFO - Exporting the following env vars:
AIRFLOW_CTX_DAG_OWNER=***
AIRFLOW_CTX_DAG_ID=twitter_status_update
AIRFLOW_CTX_TASK_ID=kickOff
AIRFLOW_CTX_EXECUTION_DATE=2023-04-01T18:26:48.117476+00:00
AIRFLOW_CTX_TRY_NUMBER=1
AIRFLOW_CTX_DAG_RUN_ID=manual__2023-04-01T18:26:48.117476+00:00
[2023-04-01T18:26:50.159+0000] {python.py:177} INFO - Done. Returned value was: 2023-04-01
[2023-04-01T18:26:50.174+0000] {taskinstance.py:1323} INFO - Marking task as SUCCESS. dag_id=twitter_status_update, task_id=kickOff, execution_date=20230401T182648, start_date=20230401T182650, end_date=20230401T182650
[2023-04-01T18:26:50.198+0000] {local_task_job.py:208} INFO - Task exited with return code 0
[2023-04-01T18:26:50.213+0000] {taskinstance.py:2578} INFO - 1 downstream tasks scheduled from follow-on schedule check
