[2023-04-01T13:19:02.982+0000] {taskinstance.py:1083} INFO - Dependencies all met for <TaskInstance: twitter_status_with_image_update.kickOff manual__2023-04-01T13:19:01.944523+00:00 [queued]>
[2023-04-01T13:19:02.991+0000] {taskinstance.py:1083} INFO - Dependencies all met for <TaskInstance: twitter_status_with_image_update.kickOff manual__2023-04-01T13:19:01.944523+00:00 [queued]>
[2023-04-01T13:19:02.993+0000] {taskinstance.py:1279} INFO - 
--------------------------------------------------------------------------------
[2023-04-01T13:19:02.994+0000] {taskinstance.py:1280} INFO - Starting attempt 1 of 3
[2023-04-01T13:19:02.995+0000] {taskinstance.py:1281} INFO - 
--------------------------------------------------------------------------------
[2023-04-01T13:19:03.010+0000] {taskinstance.py:1300} INFO - Executing <Task(_PythonDecoratedOperator): kickOff> on 2023-04-01 13:19:01.944523+00:00
[2023-04-01T13:19:03.023+0000] {standard_task_runner.py:55} INFO - Started process 12343 to run task
[2023-04-01T13:19:03.047+0000] {standard_task_runner.py:82} INFO - Running: ['***', 'tasks', 'run', 'twitter_status_with_image_update', 'kickOff', 'manual__2023-04-01T13:19:01.944523+00:00', '--job-id', '118', '--raw', '--subdir', 'DAGS_FOLDER/twitterImageWithTextUpdatePipeline.py', '--cfg-path', '/tmp/tmp74oze21a']
[2023-04-01T13:19:03.049+0000] {standard_task_runner.py:83} INFO - Job 118: Subtask kickOff
[2023-04-01T13:19:03.174+0000] {task_command.py:388} INFO - Running <TaskInstance: twitter_status_with_image_update.kickOff manual__2023-04-01T13:19:01.944523+00:00 [running]> on host 21dcead862af
[2023-04-01T13:19:03.254+0000] {taskinstance.py:1509} INFO - Exporting the following env vars:
AIRFLOW_CTX_DAG_OWNER=***
AIRFLOW_CTX_DAG_ID=twitter_status_with_image_update
AIRFLOW_CTX_TASK_ID=kickOff
AIRFLOW_CTX_EXECUTION_DATE=2023-04-01T13:19:01.944523+00:00
AIRFLOW_CTX_TRY_NUMBER=1
AIRFLOW_CTX_DAG_RUN_ID=manual__2023-04-01T13:19:01.944523+00:00
[2023-04-01T13:19:03.257+0000] {python.py:177} INFO - Done. Returned value was: 2023-04-01
[2023-04-01T13:19:03.313+0000] {taskinstance.py:1323} INFO - Marking task as SUCCESS. dag_id=twitter_status_with_image_update, task_id=kickOff, execution_date=20230401T131901, start_date=20230401T131902, end_date=20230401T131903
[2023-04-01T13:19:03.368+0000] {local_task_job.py:208} INFO - Task exited with return code 0
[2023-04-01T13:19:03.416+0000] {taskinstance.py:2578} INFO - 1 downstream tasks scheduled from follow-on schedule check
