[2023-04-01T17:39:34.448+0000] {taskinstance.py:1083} INFO - Dependencies all met for <TaskInstance: twitter_status_update.tweetText manual__2023-04-01T17:39:32.615555+00:00 [queued]>
[2023-04-01T17:39:34.454+0000] {taskinstance.py:1083} INFO - Dependencies all met for <TaskInstance: twitter_status_update.tweetText manual__2023-04-01T17:39:32.615555+00:00 [queued]>
[2023-04-01T17:39:34.455+0000] {taskinstance.py:1279} INFO - 
--------------------------------------------------------------------------------
[2023-04-01T17:39:34.455+0000] {taskinstance.py:1280} INFO - Starting attempt 1 of 3
[2023-04-01T17:39:34.456+0000] {taskinstance.py:1281} INFO - 
--------------------------------------------------------------------------------
[2023-04-01T17:39:34.464+0000] {taskinstance.py:1300} INFO - Executing <Task(_PythonDecoratedOperator): tweetText> on 2023-04-01 17:39:32.615555+00:00
[2023-04-01T17:39:34.469+0000] {standard_task_runner.py:55} INFO - Started process 7239 to run task
[2023-04-01T17:39:34.472+0000] {standard_task_runner.py:82} INFO - Running: ['***', 'tasks', 'run', 'twitter_status_update', 'tweetText', 'manual__2023-04-01T17:39:32.615555+00:00', '--job-id', '181', '--raw', '--subdir', 'DAGS_FOLDER/twitterStatusUpdatePipeline.py', '--cfg-path', '/tmp/tmp3azvv1ns']
[2023-04-01T17:39:34.473+0000] {standard_task_runner.py:83} INFO - Job 181: Subtask tweetText
[2023-04-01T17:39:34.527+0000] {task_command.py:388} INFO - Running <TaskInstance: twitter_status_update.tweetText manual__2023-04-01T17:39:32.615555+00:00 [running]> on host 16ecf75c2681
[2023-04-01T17:39:34.578+0000] {taskinstance.py:1509} INFO - Exporting the following env vars:
AIRFLOW_CTX_DAG_OWNER=***
AIRFLOW_CTX_DAG_ID=twitter_status_update
AIRFLOW_CTX_TASK_ID=tweetText
AIRFLOW_CTX_EXECUTION_DATE=2023-04-01T17:39:32.615555+00:00
AIRFLOW_CTX_TRY_NUMBER=1
AIRFLOW_CTX_DAG_RUN_ID=manual__2023-04-01T17:39:32.615555+00:00
[2023-04-01T17:39:35.417+0000] {python.py:177} INFO - Done. Returned value was: 200
[2023-04-01T17:39:35.440+0000] {taskinstance.py:1323} INFO - Marking task as SUCCESS. dag_id=twitter_status_update, task_id=tweetText, execution_date=20230401T173932, start_date=20230401T173934, end_date=20230401T173935
[2023-04-01T17:39:35.498+0000] {local_task_job.py:208} INFO - Task exited with return code 0
[2023-04-01T17:39:35.517+0000] {taskinstance.py:2578} INFO - 0 downstream tasks scheduled from follow-on schedule check
