[2023-04-01T12:49:54.166+0000] {taskinstance.py:1083} INFO - Dependencies all met for <TaskInstance: twitter_status_with_image_update.kickOff manual__2023-04-01T12:49:52.914240+00:00 [queued]>
[2023-04-01T12:49:54.177+0000] {taskinstance.py:1083} INFO - Dependencies all met for <TaskInstance: twitter_status_with_image_update.kickOff manual__2023-04-01T12:49:52.914240+00:00 [queued]>
[2023-04-01T12:49:54.178+0000] {taskinstance.py:1279} INFO - 
--------------------------------------------------------------------------------
[2023-04-01T12:49:54.179+0000] {taskinstance.py:1280} INFO - Starting attempt 1 of 3
[2023-04-01T12:49:54.181+0000] {taskinstance.py:1281} INFO - 
--------------------------------------------------------------------------------
[2023-04-01T12:49:54.229+0000] {taskinstance.py:1300} INFO - Executing <Task(_PythonDecoratedOperator): kickOff> on 2023-04-01 12:49:52.914240+00:00
[2023-04-01T12:49:54.247+0000] {standard_task_runner.py:55} INFO - Started process 10483 to run task
[2023-04-01T12:49:54.251+0000] {standard_task_runner.py:82} INFO - Running: ['***', 'tasks', 'run', 'twitter_status_with_image_update', 'kickOff', 'manual__2023-04-01T12:49:52.914240+00:00', '--job-id', '101', '--raw', '--subdir', 'DAGS_FOLDER/twitterImageWithTextUpdatePipeline.py', '--cfg-path', '/tmp/tmpaeqmdx60']
[2023-04-01T12:49:54.254+0000] {standard_task_runner.py:83} INFO - Job 101: Subtask kickOff
[2023-04-01T12:49:54.357+0000] {task_command.py:388} INFO - Running <TaskInstance: twitter_status_with_image_update.kickOff manual__2023-04-01T12:49:52.914240+00:00 [running]> on host 21dcead862af
[2023-04-01T12:49:54.452+0000] {taskinstance.py:1509} INFO - Exporting the following env vars:
AIRFLOW_CTX_DAG_OWNER=***
AIRFLOW_CTX_DAG_ID=twitter_status_with_image_update
AIRFLOW_CTX_TASK_ID=kickOff
AIRFLOW_CTX_EXECUTION_DATE=2023-04-01T12:49:52.914240+00:00
AIRFLOW_CTX_TRY_NUMBER=1
AIRFLOW_CTX_DAG_RUN_ID=manual__2023-04-01T12:49:52.914240+00:00
[2023-04-01T12:49:54.462+0000] {python.py:177} INFO - Done. Returned value was: 2023-04-01
[2023-04-01T12:49:54.488+0000] {taskinstance.py:1323} INFO - Marking task as SUCCESS. dag_id=twitter_status_with_image_update, task_id=kickOff, execution_date=20230401T124952, start_date=20230401T124954, end_date=20230401T124954
[2023-04-01T12:49:54.545+0000] {local_task_job.py:208} INFO - Task exited with return code 0
[2023-04-01T12:49:54.580+0000] {taskinstance.py:2578} INFO - 1 downstream tasks scheduled from follow-on schedule check
