[2023-04-01T13:04:46.036+0000] {taskinstance.py:1083} INFO - Dependencies all met for <TaskInstance: twitter_status_with_image_update.download_image scheduled__2023-03-31T00:00:00+00:00 [queued]>
[2023-04-01T13:04:46.043+0000] {taskinstance.py:1083} INFO - Dependencies all met for <TaskInstance: twitter_status_with_image_update.download_image scheduled__2023-03-31T00:00:00+00:00 [queued]>
[2023-04-01T13:04:46.044+0000] {taskinstance.py:1279} INFO - 
--------------------------------------------------------------------------------
[2023-04-01T13:04:46.045+0000] {taskinstance.py:1280} INFO - Starting attempt 1 of 3
[2023-04-01T13:04:46.045+0000] {taskinstance.py:1281} INFO - 
--------------------------------------------------------------------------------
[2023-04-01T13:04:46.055+0000] {taskinstance.py:1300} INFO - Executing <Task(_PythonDecoratedOperator): download_image> on 2023-03-31 00:00:00+00:00
[2023-04-01T13:04:46.060+0000] {standard_task_runner.py:55} INFO - Started process 11437 to run task
[2023-04-01T13:04:46.063+0000] {standard_task_runner.py:82} INFO - Running: ['***', 'tasks', 'run', 'twitter_status_with_image_update', 'download_image', 'scheduled__2023-03-31T00:00:00+00:00', '--job-id', '109', '--raw', '--subdir', 'DAGS_FOLDER/twitterImageWithTextUpdatePipeline.py', '--cfg-path', '/tmp/tmpbt_kbfxl']
[2023-04-01T13:04:46.064+0000] {standard_task_runner.py:83} INFO - Job 109: Subtask download_image
[2023-04-01T13:04:46.120+0000] {task_command.py:388} INFO - Running <TaskInstance: twitter_status_with_image_update.download_image scheduled__2023-03-31T00:00:00+00:00 [running]> on host 21dcead862af
[2023-04-01T13:04:46.181+0000] {taskinstance.py:1509} INFO - Exporting the following env vars:
AIRFLOW_CTX_DAG_OWNER=***
AIRFLOW_CTX_DAG_ID=twitter_status_with_image_update
AIRFLOW_CTX_TASK_ID=download_image
AIRFLOW_CTX_EXECUTION_DATE=2023-03-31T00:00:00+00:00
AIRFLOW_CTX_TRY_NUMBER=1
AIRFLOW_CTX_DAG_RUN_ID=scheduled__2023-03-31T00:00:00+00:00
[2023-04-01T13:04:46.192+0000] {_default.py:649} WARNING - No project ID could be determined. Consider running `gcloud config set project` or setting the GOOGLE_CLOUD_PROJECT environment variable
[2023-04-01T13:04:48.290+0000] {logging_mixin.py:137} INFO - True
[2023-04-01T13:04:48.292+0000] {python.py:177} INFO - Done. Returned value was: None
[2023-04-01T13:04:48.318+0000] {taskinstance.py:1323} INFO - Marking task as SUCCESS. dag_id=twitter_status_with_image_update, task_id=download_image, execution_date=20230331T000000, start_date=20230401T130446, end_date=20230401T130448
[2023-04-01T13:04:48.396+0000] {local_task_job.py:208} INFO - Task exited with return code 0
[2023-04-01T13:04:48.427+0000] {taskinstance.py:2578} INFO - 0 downstream tasks scheduled from follow-on schedule check
[2023-04-01T13:19:09.105+0000] {taskinstance.py:1083} INFO - Dependencies all met for <TaskInstance: twitter_status_with_image_update.download_image scheduled__2023-03-31T00:00:00+00:00 [queued]>
[2023-04-01T13:19:09.126+0000] {taskinstance.py:1083} INFO - Dependencies all met for <TaskInstance: twitter_status_with_image_update.download_image scheduled__2023-03-31T00:00:00+00:00 [queued]>
[2023-04-01T13:19:09.128+0000] {taskinstance.py:1279} INFO - 
--------------------------------------------------------------------------------
[2023-04-01T13:19:09.130+0000] {taskinstance.py:1280} INFO - Starting attempt 1 of 3
[2023-04-01T13:19:09.132+0000] {taskinstance.py:1281} INFO - 
--------------------------------------------------------------------------------
[2023-04-01T13:19:09.159+0000] {taskinstance.py:1300} INFO - Executing <Task(_PythonDecoratedOperator): download_image> on 2023-03-31 00:00:00+00:00
[2023-04-01T13:19:09.173+0000] {standard_task_runner.py:55} INFO - Started process 12362 to run task
[2023-04-01T13:19:09.185+0000] {standard_task_runner.py:82} INFO - Running: ['***', 'tasks', 'run', 'twitter_status_with_image_update', 'download_image', 'scheduled__2023-03-31T00:00:00+00:00', '--job-id', '121', '--raw', '--subdir', 'DAGS_FOLDER/twitterImageWithTextUpdatePipeline.py', '--cfg-path', '/tmp/tmp3a3npuv9']
[2023-04-01T13:19:09.191+0000] {standard_task_runner.py:83} INFO - Job 121: Subtask download_image
[2023-04-01T13:19:09.263+0000] {task_command.py:388} INFO - Running <TaskInstance: twitter_status_with_image_update.download_image scheduled__2023-03-31T00:00:00+00:00 [running]> on host 21dcead862af
[2023-04-01T13:19:09.334+0000] {taskinstance.py:1509} INFO - Exporting the following env vars:
AIRFLOW_CTX_DAG_OWNER=***
AIRFLOW_CTX_DAG_ID=twitter_status_with_image_update
AIRFLOW_CTX_TASK_ID=download_image
AIRFLOW_CTX_EXECUTION_DATE=2023-03-31T00:00:00+00:00
AIRFLOW_CTX_TRY_NUMBER=1
AIRFLOW_CTX_DAG_RUN_ID=scheduled__2023-03-31T00:00:00+00:00
[2023-04-01T13:19:09.353+0000] {_default.py:649} WARNING - No project ID could be determined. Consider running `gcloud config set project` or setting the GOOGLE_CLOUD_PROJECT environment variable
[2023-04-01T13:19:11.809+0000] {logging_mixin.py:137} INFO - True
[2023-04-01T13:19:11.812+0000] {python.py:177} INFO - Done. Returned value was: {'is_downloaded': True, 'image_details': {'image_name': 'BoolDataTypeKeyword_ManimCE_v0.17.2.png', 'image_path': 'twitter_python_keywords/BoolDataTypeKeyword_ManimCE_v0.17.2.png'}}
[2023-04-01T13:19:11.860+0000] {taskinstance.py:1323} INFO - Marking task as SUCCESS. dag_id=twitter_status_with_image_update, task_id=download_image, execution_date=20230331T000000, start_date=20230401T131909, end_date=20230401T131911
[2023-04-01T13:19:11.928+0000] {local_task_job.py:208} INFO - Task exited with return code 0
[2023-04-01T13:19:11.969+0000] {taskinstance.py:2578} INFO - 1 downstream tasks scheduled from follow-on schedule check
