[2023-04-01T15:56:51.716+0000] {taskinstance.py:1083} INFO - Dependencies all met for <TaskInstance: pythonoperator_demo.python_task manual__2023-04-01T15:56:49.970452+00:00 [queued]>
[2023-04-01T15:56:51.723+0000] {taskinstance.py:1083} INFO - Dependencies all met for <TaskInstance: pythonoperator_demo.python_task manual__2023-04-01T15:56:49.970452+00:00 [queued]>
[2023-04-01T15:56:51.724+0000] {taskinstance.py:1279} INFO - 
--------------------------------------------------------------------------------
[2023-04-01T15:56:51.725+0000] {taskinstance.py:1280} INFO - Starting attempt 1 of 1
[2023-04-01T15:56:51.726+0000] {taskinstance.py:1281} INFO - 
--------------------------------------------------------------------------------
[2023-04-01T15:56:51.737+0000] {taskinstance.py:1300} INFO - Executing <Task(PythonOperator): python_task> on 2023-04-01 15:56:49.970452+00:00
[2023-04-01T15:56:51.746+0000] {standard_task_runner.py:55} INFO - Started process 782 to run task
[2023-04-01T15:56:51.751+0000] {standard_task_runner.py:82} INFO - Running: ['***', 'tasks', 'run', 'pythonoperator_demo', 'python_task', 'manual__2023-04-01T15:56:49.970452+00:00', '--job-id', '145', '--raw', '--subdir', 'DAGS_FOLDER/pythonoperator_demo.py', '--cfg-path', '/tmp/tmp86qds06c']
[2023-04-01T15:56:51.752+0000] {standard_task_runner.py:83} INFO - Job 145: Subtask python_task
[2023-04-01T15:56:51.836+0000] {task_command.py:388} INFO - Running <TaskInstance: pythonoperator_demo.python_task manual__2023-04-01T15:56:49.970452+00:00 [running]> on host 16ecf75c2681
[2023-04-01T15:56:51.888+0000] {taskinstance.py:1509} INFO - Exporting the following env vars:
AIRFLOW_CTX_DAG_OWNER=***
AIRFLOW_CTX_DAG_ID=pythonoperator_demo
AIRFLOW_CTX_TASK_ID=python_task
AIRFLOW_CTX_EXECUTION_DATE=2023-04-01T15:56:49.970452+00:00
AIRFLOW_CTX_TRY_NUMBER=1
AIRFLOW_CTX_DAG_RUN_ID=manual__2023-04-01T15:56:49.970452+00:00
[2023-04-01T15:56:51.890+0000] {logging_mixin.py:137} INFO - /opt/***
[2023-04-01T15:56:51.890+0000] {python.py:177} INFO - Done. Returned value was: /opt/***BoolDataTypeKeyword_ManimCE_v0.17.2.png
[2023-04-01T15:56:51.905+0000] {taskinstance.py:1323} INFO - Marking task as SUCCESS. dag_id=pythonoperator_demo, task_id=python_task, execution_date=20230401T155649, start_date=20230401T155651, end_date=20230401T155651
[2023-04-01T15:56:51.923+0000] {local_task_job.py:208} INFO - Task exited with return code 0
[2023-04-01T15:56:51.937+0000] {taskinstance.py:2578} INFO - 0 downstream tasks scheduled from follow-on schedule check
