[2023-04-01T13:25:55.180+0000] {taskinstance.py:1083} INFO - Dependencies all met for <TaskInstance: twitter_status_with_image_update.tweet_image manual__2023-04-01T13:20:32.495184+00:00 [queued]>
[2023-04-01T13:25:55.187+0000] {taskinstance.py:1083} INFO - Dependencies all met for <TaskInstance: twitter_status_with_image_update.tweet_image manual__2023-04-01T13:20:32.495184+00:00 [queued]>
[2023-04-01T13:25:55.187+0000] {taskinstance.py:1279} INFO - 
--------------------------------------------------------------------------------
[2023-04-01T13:25:55.188+0000] {taskinstance.py:1280} INFO - Starting attempt 2 of 3
[2023-04-01T13:25:55.189+0000] {taskinstance.py:1281} INFO - 
--------------------------------------------------------------------------------
[2023-04-01T13:25:55.199+0000] {taskinstance.py:1300} INFO - Executing <Task(_PythonDecoratedOperator): tweet_image> on 2023-04-01 13:20:32.495184+00:00
[2023-04-01T13:25:55.204+0000] {standard_task_runner.py:55} INFO - Started process 12801 to run task
[2023-04-01T13:25:55.207+0000] {standard_task_runner.py:82} INFO - Running: ['***', 'tasks', 'run', 'twitter_status_with_image_update', 'tweet_image', 'manual__2023-04-01T13:20:32.495184+00:00', '--job-id', '131', '--raw', '--subdir', 'DAGS_FOLDER/twitterImageWithTextUpdatePipeline.py', '--cfg-path', '/tmp/tmpii9drabh']
[2023-04-01T13:25:55.208+0000] {standard_task_runner.py:83} INFO - Job 131: Subtask tweet_image
[2023-04-01T13:25:55.268+0000] {task_command.py:388} INFO - Running <TaskInstance: twitter_status_with_image_update.tweet_image manual__2023-04-01T13:20:32.495184+00:00 [running]> on host 21dcead862af
[2023-04-01T13:25:55.316+0000] {taskinstance.py:1509} INFO - Exporting the following env vars:
AIRFLOW_CTX_DAG_OWNER=***
AIRFLOW_CTX_DAG_ID=twitter_status_with_image_update
AIRFLOW_CTX_TASK_ID=tweet_image
AIRFLOW_CTX_EXECUTION_DATE=2023-04-01T13:20:32.495184+00:00
AIRFLOW_CTX_TRY_NUMBER=2
AIRFLOW_CTX_DAG_RUN_ID=manual__2023-04-01T13:20:32.495184+00:00
[2023-04-01T13:25:59.305+0000] {logging_mixin.py:137} INFO - True
[2023-04-01T13:25:59.308+0000] {python.py:177} INFO - Done. Returned value was: None
[2023-04-01T13:25:59.323+0000] {taskinstance.py:1323} INFO - Marking task as SUCCESS. dag_id=twitter_status_with_image_update, task_id=tweet_image, execution_date=20230401T132032, start_date=20230401T132555, end_date=20230401T132559
[2023-04-01T13:25:59.369+0000] {local_task_job.py:208} INFO - Task exited with return code 0
[2023-04-01T13:25:59.400+0000] {taskinstance.py:2578} INFO - 0 downstream tasks scheduled from follow-on schedule check
