[2023-04-01T13:20:34.057+0000] {taskinstance.py:1083} INFO - Dependencies all met for <TaskInstance: twitter_status_with_image_update.kickOff manual__2023-04-01T13:20:32.495184+00:00 [queued]>
[2023-04-01T13:20:34.064+0000] {taskinstance.py:1083} INFO - Dependencies all met for <TaskInstance: twitter_status_with_image_update.kickOff manual__2023-04-01T13:20:32.495184+00:00 [queued]>
[2023-04-01T13:20:34.065+0000] {taskinstance.py:1279} INFO - 
--------------------------------------------------------------------------------
[2023-04-01T13:20:34.066+0000] {taskinstance.py:1280} INFO - Starting attempt 1 of 3
[2023-04-01T13:20:34.067+0000] {taskinstance.py:1281} INFO - 
--------------------------------------------------------------------------------
[2023-04-01T13:20:34.075+0000] {taskinstance.py:1300} INFO - Executing <Task(_PythonDecoratedOperator): kickOff> on 2023-04-01 13:20:32.495184+00:00
[2023-04-01T13:20:34.081+0000] {standard_task_runner.py:55} INFO - Started process 12452 to run task
[2023-04-01T13:20:34.086+0000] {standard_task_runner.py:82} INFO - Running: ['***', 'tasks', 'run', 'twitter_status_with_image_update', 'kickOff', 'manual__2023-04-01T13:20:32.495184+00:00', '--job-id', '125', '--raw', '--subdir', 'DAGS_FOLDER/twitterImageWithTextUpdatePipeline.py', '--cfg-path', '/tmp/tmpxsmjyu0w']
[2023-04-01T13:20:34.089+0000] {standard_task_runner.py:83} INFO - Job 125: Subtask kickOff
[2023-04-01T13:20:34.146+0000] {task_command.py:388} INFO - Running <TaskInstance: twitter_status_with_image_update.kickOff manual__2023-04-01T13:20:32.495184+00:00 [running]> on host 21dcead862af
[2023-04-01T13:20:34.192+0000] {taskinstance.py:1509} INFO - Exporting the following env vars:
AIRFLOW_CTX_DAG_OWNER=***
AIRFLOW_CTX_DAG_ID=twitter_status_with_image_update
AIRFLOW_CTX_TASK_ID=kickOff
AIRFLOW_CTX_EXECUTION_DATE=2023-04-01T13:20:32.495184+00:00
AIRFLOW_CTX_TRY_NUMBER=1
AIRFLOW_CTX_DAG_RUN_ID=manual__2023-04-01T13:20:32.495184+00:00
[2023-04-01T13:20:34.198+0000] {python.py:177} INFO - Done. Returned value was: 2023-04-01
[2023-04-01T13:20:34.216+0000] {taskinstance.py:1323} INFO - Marking task as SUCCESS. dag_id=twitter_status_with_image_update, task_id=kickOff, execution_date=20230401T132032, start_date=20230401T132034, end_date=20230401T132034
[2023-04-01T13:20:34.259+0000] {local_task_job.py:208} INFO - Task exited with return code 0
[2023-04-01T13:20:34.277+0000] {taskinstance.py:2578} INFO - 1 downstream tasks scheduled from follow-on schedule check
