[2023-04-01T16:23:41.577+0000] {taskinstance.py:1083} INFO - Dependencies all met for <TaskInstance: pythonoperator_demo.python_task manual__2023-04-01T16:23:39.874971+00:00 [queued]>
[2023-04-01T16:23:41.584+0000] {taskinstance.py:1083} INFO - Dependencies all met for <TaskInstance: pythonoperator_demo.python_task manual__2023-04-01T16:23:39.874971+00:00 [queued]>
[2023-04-01T16:23:41.584+0000] {taskinstance.py:1279} INFO - 
--------------------------------------------------------------------------------
[2023-04-01T16:23:41.585+0000] {taskinstance.py:1280} INFO - Starting attempt 1 of 1
[2023-04-01T16:23:41.586+0000] {taskinstance.py:1281} INFO - 
--------------------------------------------------------------------------------
[2023-04-01T16:23:41.595+0000] {taskinstance.py:1300} INFO - Executing <Task(PythonOperator): python_task> on 2023-04-01 16:23:39.874971+00:00
[2023-04-01T16:23:41.601+0000] {standard_task_runner.py:55} INFO - Started process 2470 to run task
[2023-04-01T16:23:41.608+0000] {standard_task_runner.py:82} INFO - Running: ['***', 'tasks', 'run', 'pythonoperator_demo', 'python_task', 'manual__2023-04-01T16:23:39.874971+00:00', '--job-id', '165', '--raw', '--subdir', 'DAGS_FOLDER/pythonoperator_demo.py', '--cfg-path', '/tmp/tmpptfaanb8']
[2023-04-01T16:23:41.609+0000] {standard_task_runner.py:83} INFO - Job 165: Subtask python_task
[2023-04-01T16:23:41.687+0000] {task_command.py:388} INFO - Running <TaskInstance: pythonoperator_demo.python_task manual__2023-04-01T16:23:39.874971+00:00 [running]> on host 16ecf75c2681
[2023-04-01T16:23:41.740+0000] {taskinstance.py:1509} INFO - Exporting the following env vars:
AIRFLOW_CTX_DAG_OWNER=***
AIRFLOW_CTX_DAG_ID=pythonoperator_demo
AIRFLOW_CTX_TASK_ID=python_task
AIRFLOW_CTX_EXECUTION_DATE=2023-04-01T16:23:39.874971+00:00
AIRFLOW_CTX_TRY_NUMBER=1
AIRFLOW_CTX_DAG_RUN_ID=manual__2023-04-01T16:23:39.874971+00:00
[2023-04-01T16:23:41.751+0000] {_default.py:649} WARNING - No project ID could be determined. Consider running `gcloud config set project` or setting the GOOGLE_CLOUD_PROJECT environment variable
[2023-04-01T16:23:42.683+0000] {logging_mixin.py:137} INFO - BoolDataTypeKeyword_ManimCE_v0.17.2.png
[2023-04-01T16:23:42.685+0000] {python.py:177} INFO - Done. Returned value was: BoolDataTypeKeyword_ManimCE_v0.17.2.png
[2023-04-01T16:23:42.702+0000] {taskinstance.py:1323} INFO - Marking task as SUCCESS. dag_id=pythonoperator_demo, task_id=python_task, execution_date=20230401T162339, start_date=20230401T162341, end_date=20230401T162342
[2023-04-01T16:23:42.726+0000] {local_task_job.py:208} INFO - Task exited with return code 0
[2023-04-01T16:23:42.740+0000] {taskinstance.py:2578} INFO - 0 downstream tasks scheduled from follow-on schedule check
