[2023-04-01T12:48:41.061+0000] {taskinstance.py:1083} INFO - Dependencies all met for <TaskInstance: twitter_status_with_image_update.kickOff manual__2023-04-01T12:48:39.944577+00:00 [queued]>
[2023-04-01T12:48:41.068+0000] {taskinstance.py:1083} INFO - Dependencies all met for <TaskInstance: twitter_status_with_image_update.kickOff manual__2023-04-01T12:48:39.944577+00:00 [queued]>
[2023-04-01T12:48:41.069+0000] {taskinstance.py:1279} INFO - 
--------------------------------------------------------------------------------
[2023-04-01T12:48:41.070+0000] {taskinstance.py:1280} INFO - Starting attempt 1 of 3
[2023-04-01T12:48:41.071+0000] {taskinstance.py:1281} INFO - 
--------------------------------------------------------------------------------
[2023-04-01T12:48:41.085+0000] {taskinstance.py:1300} INFO - Executing <Task(_PythonDecoratedOperator): kickOff> on 2023-04-01 12:48:39.944577+00:00
[2023-04-01T12:48:41.090+0000] {standard_task_runner.py:55} INFO - Started process 10402 to run task
[2023-04-01T12:48:41.109+0000] {standard_task_runner.py:82} INFO - Running: ['***', 'tasks', 'run', 'twitter_status_with_image_update', 'kickOff', 'manual__2023-04-01T12:48:39.944577+00:00', '--job-id', '98', '--raw', '--subdir', 'DAGS_FOLDER/twitterImageWithTextUpdatePipeline.py', '--cfg-path', '/tmp/tmp_5hknh62']
[2023-04-01T12:48:41.122+0000] {standard_task_runner.py:83} INFO - Job 98: Subtask kickOff
[2023-04-01T12:48:41.256+0000] {task_command.py:388} INFO - Running <TaskInstance: twitter_status_with_image_update.kickOff manual__2023-04-01T12:48:39.944577+00:00 [running]> on host 21dcead862af
[2023-04-01T12:48:41.400+0000] {taskinstance.py:1509} INFO - Exporting the following env vars:
AIRFLOW_CTX_DAG_OWNER=***
AIRFLOW_CTX_DAG_ID=twitter_status_with_image_update
AIRFLOW_CTX_TASK_ID=kickOff
AIRFLOW_CTX_EXECUTION_DATE=2023-04-01T12:48:39.944577+00:00
AIRFLOW_CTX_TRY_NUMBER=1
AIRFLOW_CTX_DAG_RUN_ID=manual__2023-04-01T12:48:39.944577+00:00
[2023-04-01T12:48:41.406+0000] {python.py:177} INFO - Done. Returned value was: 2023-04-01
[2023-04-01T12:48:41.442+0000] {taskinstance.py:1323} INFO - Marking task as SUCCESS. dag_id=twitter_status_with_image_update, task_id=kickOff, execution_date=20230401T124839, start_date=20230401T124841, end_date=20230401T124841
[2023-04-01T12:48:41.474+0000] {local_task_job.py:208} INFO - Task exited with return code 0
[2023-04-01T12:48:41.490+0000] {taskinstance.py:2578} INFO - 1 downstream tasks scheduled from follow-on schedule check
