[2023-04-01T16:33:11.005+0000] {taskinstance.py:1083} INFO - Dependencies all met for <TaskInstance: pythonoperator_demo.tweet_image scheduled__2023-03-31T00:00:00+00:00 [queued]>
[2023-04-01T16:33:11.011+0000] {taskinstance.py:1083} INFO - Dependencies all met for <TaskInstance: pythonoperator_demo.tweet_image scheduled__2023-03-31T00:00:00+00:00 [queued]>
[2023-04-01T16:33:11.013+0000] {taskinstance.py:1279} INFO - 
--------------------------------------------------------------------------------
[2023-04-01T16:33:11.014+0000] {taskinstance.py:1280} INFO - Starting attempt 1 of 1
[2023-04-01T16:33:11.015+0000] {taskinstance.py:1281} INFO - 
--------------------------------------------------------------------------------
[2023-04-01T16:33:11.024+0000] {taskinstance.py:1300} INFO - Executing <Task(PythonOperator): tweet_image> on 2023-03-31 00:00:00+00:00
[2023-04-01T16:33:11.030+0000] {standard_task_runner.py:55} INFO - Started process 3068 to run task
[2023-04-01T16:33:11.033+0000] {standard_task_runner.py:82} INFO - Running: ['***', 'tasks', 'run', 'pythonoperator_demo', 'tweet_image', 'scheduled__2023-03-31T00:00:00+00:00', '--job-id', '171', '--raw', '--subdir', 'DAGS_FOLDER/pythonoperator_demo.py', '--cfg-path', '/tmp/tmp6ldm7nn3']
[2023-04-01T16:33:11.035+0000] {standard_task_runner.py:83} INFO - Job 171: Subtask tweet_image
[2023-04-01T16:33:11.081+0000] {task_command.py:388} INFO - Running <TaskInstance: pythonoperator_demo.tweet_image scheduled__2023-03-31T00:00:00+00:00 [running]> on host 16ecf75c2681
[2023-04-01T16:33:11.127+0000] {taskinstance.py:1509} INFO - Exporting the following env vars:
AIRFLOW_CTX_DAG_OWNER=***
AIRFLOW_CTX_DAG_ID=pythonoperator_demo
AIRFLOW_CTX_TASK_ID=tweet_image
AIRFLOW_CTX_EXECUTION_DATE=2023-03-31T00:00:00+00:00
AIRFLOW_CTX_TRY_NUMBER=1
AIRFLOW_CTX_DAG_RUN_ID=scheduled__2023-03-31T00:00:00+00:00
[2023-04-01T16:33:11.130+0000] {python.py:177} INFO - Done. Returned value was: 
[2023-04-01T16:33:11.146+0000] {taskinstance.py:1323} INFO - Marking task as SUCCESS. dag_id=pythonoperator_demo, task_id=tweet_image, execution_date=20230331T000000, start_date=20230401T163311, end_date=20230401T163311
[2023-04-01T16:33:11.165+0000] {local_task_job.py:208} INFO - Task exited with return code 0
[2023-04-01T16:33:11.180+0000] {taskinstance.py:2578} INFO - 0 downstream tasks scheduled from follow-on schedule check
