[2023-04-01T13:06:50.043+0000] {taskinstance.py:1083} INFO - Dependencies all met for <TaskInstance: twitter_status_with_image_update.get_folder_images manual__2023-04-01T13:06:48.075092+00:00 [queued]>
[2023-04-01T13:06:50.063+0000] {taskinstance.py:1083} INFO - Dependencies all met for <TaskInstance: twitter_status_with_image_update.get_folder_images manual__2023-04-01T13:06:48.075092+00:00 [queued]>
[2023-04-01T13:06:50.065+0000] {taskinstance.py:1279} INFO - 
--------------------------------------------------------------------------------
[2023-04-01T13:06:50.066+0000] {taskinstance.py:1280} INFO - Starting attempt 1 of 3
[2023-04-01T13:06:50.067+0000] {taskinstance.py:1281} INFO - 
--------------------------------------------------------------------------------
[2023-04-01T13:06:50.088+0000] {taskinstance.py:1300} INFO - Executing <Task(_PythonDecoratedOperator): get_folder_images> on 2023-04-01 13:06:48.075092+00:00
[2023-04-01T13:06:50.096+0000] {standard_task_runner.py:55} INFO - Started process 11568 to run task
[2023-04-01T13:06:50.100+0000] {standard_task_runner.py:82} INFO - Running: ['***', 'tasks', 'run', 'twitter_status_with_image_update', 'get_folder_images', 'manual__2023-04-01T13:06:48.075092+00:00', '--job-id', '112', '--raw', '--subdir', 'DAGS_FOLDER/twitterImageWithTextUpdatePipeline.py', '--cfg-path', '/tmp/tmpy24l6kyn']
[2023-04-01T13:06:50.104+0000] {standard_task_runner.py:83} INFO - Job 112: Subtask get_folder_images
[2023-04-01T13:06:50.191+0000] {task_command.py:388} INFO - Running <TaskInstance: twitter_status_with_image_update.get_folder_images manual__2023-04-01T13:06:48.075092+00:00 [running]> on host 21dcead862af
[2023-04-01T13:06:50.299+0000] {taskinstance.py:1509} INFO - Exporting the following env vars:
AIRFLOW_CTX_DAG_OWNER=***
AIRFLOW_CTX_DAG_ID=twitter_status_with_image_update
AIRFLOW_CTX_TASK_ID=get_folder_images
AIRFLOW_CTX_EXECUTION_DATE=2023-04-01T13:06:48.075092+00:00
AIRFLOW_CTX_TRY_NUMBER=1
AIRFLOW_CTX_DAG_RUN_ID=manual__2023-04-01T13:06:48.075092+00:00
[2023-04-01T13:06:50.308+0000] {_default.py:649} WARNING - No project ID could be determined. Consider running `gcloud config set project` or setting the GOOGLE_CLOUD_PROJECT environment variable
[2023-04-01T13:06:51.268+0000] {logging_mixin.py:137} INFO - Today's Image to upload BoolDataTypeKeyword_ManimCE_v0.17.2.png
[2023-04-01T13:06:51.271+0000] {python.py:177} INFO - Done. Returned value was: {'image_name': 'BoolDataTypeKeyword_ManimCE_v0.17.2.png', 'image_path': 'twitter_python_keywords/BoolDataTypeKeyword_ManimCE_v0.17.2.png'}
[2023-04-01T13:06:51.323+0000] {taskinstance.py:1323} INFO - Marking task as SUCCESS. dag_id=twitter_status_with_image_update, task_id=get_folder_images, execution_date=20230401T130648, start_date=20230401T130650, end_date=20230401T130651
[2023-04-01T13:06:51.379+0000] {local_task_job.py:208} INFO - Task exited with return code 0
[2023-04-01T13:06:51.420+0000] {taskinstance.py:2578} INFO - 1 downstream tasks scheduled from follow-on schedule check
