[2023-04-01T16:24:48.735+0000] {taskinstance.py:1083} INFO - Dependencies all met for <TaskInstance: pythonoperator_demo.python_task manual__2023-04-01T16:24:46.590821+00:00 [queued]>
[2023-04-01T16:24:48.754+0000] {taskinstance.py:1083} INFO - Dependencies all met for <TaskInstance: pythonoperator_demo.python_task manual__2023-04-01T16:24:46.590821+00:00 [queued]>
[2023-04-01T16:24:48.756+0000] {taskinstance.py:1279} INFO - 
--------------------------------------------------------------------------------
[2023-04-01T16:24:48.757+0000] {taskinstance.py:1280} INFO - Starting attempt 1 of 1
[2023-04-01T16:24:48.758+0000] {taskinstance.py:1281} INFO - 
--------------------------------------------------------------------------------
[2023-04-01T16:24:48.783+0000] {taskinstance.py:1300} INFO - Executing <Task(PythonOperator): python_task> on 2023-04-01 16:24:46.590821+00:00
[2023-04-01T16:24:48.793+0000] {standard_task_runner.py:55} INFO - Started process 2547 to run task
[2023-04-01T16:24:48.805+0000] {standard_task_runner.py:82} INFO - Running: ['***', 'tasks', 'run', 'pythonoperator_demo', 'python_task', 'manual__2023-04-01T16:24:46.590821+00:00', '--job-id', '167', '--raw', '--subdir', 'DAGS_FOLDER/pythonoperator_demo.py', '--cfg-path', '/tmp/tmphpyqdnpo']
[2023-04-01T16:24:48.808+0000] {standard_task_runner.py:83} INFO - Job 167: Subtask python_task
[2023-04-01T16:24:48.912+0000] {task_command.py:388} INFO - Running <TaskInstance: pythonoperator_demo.python_task manual__2023-04-01T16:24:46.590821+00:00 [running]> on host 16ecf75c2681
[2023-04-01T16:24:48.971+0000] {taskinstance.py:1509} INFO - Exporting the following env vars:
AIRFLOW_CTX_DAG_OWNER=***
AIRFLOW_CTX_DAG_ID=pythonoperator_demo
AIRFLOW_CTX_TASK_ID=python_task
AIRFLOW_CTX_EXECUTION_DATE=2023-04-01T16:24:46.590821+00:00
AIRFLOW_CTX_TRY_NUMBER=1
AIRFLOW_CTX_DAG_RUN_ID=manual__2023-04-01T16:24:46.590821+00:00
[2023-04-01T16:24:48.980+0000] {_default.py:649} WARNING - No project ID could be determined. Consider running `gcloud config set project` or setting the GOOGLE_CLOUD_PROJECT environment variable
[2023-04-01T16:24:50.060+0000] {logging_mixin.py:137} INFO - BoolDataTypeKeyword_ManimCE_v0.17.2.png
[2023-04-01T16:24:50.062+0000] {python.py:177} INFO - Done. Returned value was: BoolDataTypeKeyword_ManimCE_v0.17.2.png
[2023-04-01T16:24:50.097+0000] {taskinstance.py:1323} INFO - Marking task as SUCCESS. dag_id=pythonoperator_demo, task_id=python_task, execution_date=20230401T162446, start_date=20230401T162448, end_date=20230401T162450
[2023-04-01T16:24:50.145+0000] {local_task_job.py:208} INFO - Task exited with return code 0
[2023-04-01T16:24:50.166+0000] {taskinstance.py:2578} INFO - 0 downstream tasks scheduled from follow-on schedule check
