[2023-04-01T15:46:22.120+0000] {taskinstance.py:1083} INFO - Dependencies all met for <TaskInstance: pythonoperator_demo.python_task scheduled__2023-03-31T00:00:00+00:00 [queued]>
[2023-04-01T15:46:22.135+0000] {taskinstance.py:1083} INFO - Dependencies all met for <TaskInstance: pythonoperator_demo.python_task scheduled__2023-03-31T00:00:00+00:00 [queued]>
[2023-04-01T15:46:22.136+0000] {taskinstance.py:1279} INFO - 
--------------------------------------------------------------------------------
[2023-04-01T15:46:22.137+0000] {taskinstance.py:1280} INFO - Starting attempt 1 of 1
[2023-04-01T15:46:22.139+0000] {taskinstance.py:1281} INFO - 
--------------------------------------------------------------------------------
[2023-04-01T15:46:22.152+0000] {taskinstance.py:1300} INFO - Executing <Task(PythonOperator): python_task> on 2023-03-31 00:00:00+00:00
[2023-04-01T15:46:22.159+0000] {standard_task_runner.py:55} INFO - Started process 113 to run task
[2023-04-01T15:46:22.163+0000] {standard_task_runner.py:82} INFO - Running: ['***', 'tasks', 'run', 'pythonoperator_demo', 'python_task', 'scheduled__2023-03-31T00:00:00+00:00', '--job-id', '137', '--raw', '--subdir', 'DAGS_FOLDER/pythonoperator_demo.py', '--cfg-path', '/tmp/tmp37i1oo8t']
[2023-04-01T15:46:22.165+0000] {standard_task_runner.py:83} INFO - Job 137: Subtask python_task
[2023-04-01T15:46:22.247+0000] {task_command.py:388} INFO - Running <TaskInstance: pythonoperator_demo.python_task scheduled__2023-03-31T00:00:00+00:00 [running]> on host 16ecf75c2681
[2023-04-01T15:46:22.299+0000] {taskinstance.py:1509} INFO - Exporting the following env vars:
AIRFLOW_CTX_DAG_OWNER=***
AIRFLOW_CTX_DAG_ID=pythonoperator_demo
AIRFLOW_CTX_TASK_ID=python_task
AIRFLOW_CTX_EXECUTION_DATE=2023-03-31T00:00:00+00:00
AIRFLOW_CTX_TRY_NUMBER=1
AIRFLOW_CTX_DAG_RUN_ID=scheduled__2023-03-31T00:00:00+00:00
[2023-04-01T15:46:22.301+0000] {logging_mixin.py:137} INFO - welcome to Dezyre
[2023-04-01T15:46:22.302+0000] {python.py:177} INFO - Done. Returned value was: welcome to Dezyre
[2023-04-01T15:46:22.327+0000] {taskinstance.py:1323} INFO - Marking task as SUCCESS. dag_id=pythonoperator_demo, task_id=python_task, execution_date=20230331T000000, start_date=20230401T154622, end_date=20230401T154622
[2023-04-01T15:46:22.382+0000] {local_task_job.py:208} INFO - Task exited with return code 0
[2023-04-01T15:46:22.396+0000] {taskinstance.py:2578} INFO - 0 downstream tasks scheduled from follow-on schedule check
[2023-04-01T15:56:51.708+0000] {taskinstance.py:1083} INFO - Dependencies all met for <TaskInstance: pythonoperator_demo.python_task scheduled__2023-03-31T00:00:00+00:00 [queued]>
[2023-04-01T15:56:51.720+0000] {taskinstance.py:1083} INFO - Dependencies all met for <TaskInstance: pythonoperator_demo.python_task scheduled__2023-03-31T00:00:00+00:00 [queued]>
[2023-04-01T15:56:51.721+0000] {taskinstance.py:1279} INFO - 
--------------------------------------------------------------------------------
[2023-04-01T15:56:51.721+0000] {taskinstance.py:1280} INFO - Starting attempt 1 of 1
[2023-04-01T15:56:51.722+0000] {taskinstance.py:1281} INFO - 
--------------------------------------------------------------------------------
[2023-04-01T15:56:51.733+0000] {taskinstance.py:1300} INFO - Executing <Task(PythonOperator): python_task> on 2023-03-31 00:00:00+00:00
[2023-04-01T15:56:51.739+0000] {standard_task_runner.py:55} INFO - Started process 781 to run task
[2023-04-01T15:56:51.742+0000] {standard_task_runner.py:82} INFO - Running: ['***', 'tasks', 'run', 'pythonoperator_demo', 'python_task', 'scheduled__2023-03-31T00:00:00+00:00', '--job-id', '144', '--raw', '--subdir', 'DAGS_FOLDER/pythonoperator_demo.py', '--cfg-path', '/tmp/tmpliv62xov']
[2023-04-01T15:56:51.744+0000] {standard_task_runner.py:83} INFO - Job 144: Subtask python_task
[2023-04-01T15:56:51.828+0000] {task_command.py:388} INFO - Running <TaskInstance: pythonoperator_demo.python_task scheduled__2023-03-31T00:00:00+00:00 [running]> on host 16ecf75c2681
[2023-04-01T15:56:51.884+0000] {taskinstance.py:1509} INFO - Exporting the following env vars:
AIRFLOW_CTX_DAG_OWNER=***
AIRFLOW_CTX_DAG_ID=pythonoperator_demo
AIRFLOW_CTX_TASK_ID=python_task
AIRFLOW_CTX_EXECUTION_DATE=2023-03-31T00:00:00+00:00
AIRFLOW_CTX_TRY_NUMBER=1
AIRFLOW_CTX_DAG_RUN_ID=scheduled__2023-03-31T00:00:00+00:00
[2023-04-01T15:56:51.887+0000] {logging_mixin.py:137} INFO - /opt/***
[2023-04-01T15:56:51.888+0000] {python.py:177} INFO - Done. Returned value was: /opt/***BoolDataTypeKeyword_ManimCE_v0.17.2.png
[2023-04-01T15:56:51.905+0000] {taskinstance.py:1323} INFO - Marking task as SUCCESS. dag_id=pythonoperator_demo, task_id=python_task, execution_date=20230331T000000, start_date=20230401T155651, end_date=20230401T155651
[2023-04-01T15:56:51.956+0000] {local_task_job.py:208} INFO - Task exited with return code 0
[2023-04-01T15:56:51.972+0000] {taskinstance.py:2578} INFO - 0 downstream tasks scheduled from follow-on schedule check
[2023-04-01T16:07:05.034+0000] {taskinstance.py:1083} INFO - Dependencies all met for <TaskInstance: pythonoperator_demo.python_task scheduled__2023-03-31T00:00:00+00:00 [queued]>
[2023-04-01T16:07:05.047+0000] {taskinstance.py:1083} INFO - Dependencies all met for <TaskInstance: pythonoperator_demo.python_task scheduled__2023-03-31T00:00:00+00:00 [queued]>
[2023-04-01T16:07:05.048+0000] {taskinstance.py:1279} INFO - 
--------------------------------------------------------------------------------
[2023-04-01T16:07:05.050+0000] {taskinstance.py:1280} INFO - Starting attempt 1 of 1
[2023-04-01T16:07:05.051+0000] {taskinstance.py:1281} INFO - 
--------------------------------------------------------------------------------
[2023-04-01T16:07:05.070+0000] {taskinstance.py:1300} INFO - Executing <Task(PythonOperator): python_task> on 2023-03-31 00:00:00+00:00
[2023-04-01T16:07:05.084+0000] {standard_task_runner.py:55} INFO - Started process 1427 to run task
[2023-04-01T16:07:05.087+0000] {standard_task_runner.py:82} INFO - Running: ['***', 'tasks', 'run', 'pythonoperator_demo', 'python_task', 'scheduled__2023-03-31T00:00:00+00:00', '--job-id', '147', '--raw', '--subdir', 'DAGS_FOLDER/pythonoperator_demo.py', '--cfg-path', '/tmp/tmpti5lcwta']
[2023-04-01T16:07:05.091+0000] {standard_task_runner.py:83} INFO - Job 147: Subtask python_task
[2023-04-01T16:07:05.149+0000] {task_command.py:388} INFO - Running <TaskInstance: pythonoperator_demo.python_task scheduled__2023-03-31T00:00:00+00:00 [running]> on host 16ecf75c2681
[2023-04-01T16:07:05.198+0000] {taskinstance.py:1509} INFO - Exporting the following env vars:
AIRFLOW_CTX_DAG_OWNER=***
AIRFLOW_CTX_DAG_ID=pythonoperator_demo
AIRFLOW_CTX_TASK_ID=python_task
AIRFLOW_CTX_EXECUTION_DATE=2023-03-31T00:00:00+00:00
AIRFLOW_CTX_TRY_NUMBER=1
AIRFLOW_CTX_DAG_RUN_ID=scheduled__2023-03-31T00:00:00+00:00
[2023-04-01T16:07:05.211+0000] {_default.py:649} WARNING - No project ID could be determined. Consider running `gcloud config set project` or setting the GOOGLE_CLOUD_PROJECT environment variable
[2023-04-01T16:07:06.170+0000] {logging_mixin.py:137} INFO - True
[2023-04-01T16:07:06.171+0000] {python.py:177} INFO - Done. Returned value was: True
[2023-04-01T16:07:06.202+0000] {taskinstance.py:1323} INFO - Marking task as SUCCESS. dag_id=pythonoperator_demo, task_id=python_task, execution_date=20230331T000000, start_date=20230401T160705, end_date=20230401T160706
[2023-04-01T16:07:06.249+0000] {local_task_job.py:208} INFO - Task exited with return code 0
[2023-04-01T16:07:06.278+0000] {taskinstance.py:2578} INFO - 0 downstream tasks scheduled from follow-on schedule check
[2023-04-01T16:18:48.493+0000] {taskinstance.py:1083} INFO - Dependencies all met for <TaskInstance: pythonoperator_demo.python_task scheduled__2023-03-31T00:00:00+00:00 [queued]>
[2023-04-01T16:18:48.501+0000] {taskinstance.py:1083} INFO - Dependencies all met for <TaskInstance: pythonoperator_demo.python_task scheduled__2023-03-31T00:00:00+00:00 [queued]>
[2023-04-01T16:18:48.502+0000] {taskinstance.py:1279} INFO - 
--------------------------------------------------------------------------------
[2023-04-01T16:18:48.504+0000] {taskinstance.py:1280} INFO - Starting attempt 1 of 1
[2023-04-01T16:18:48.506+0000] {taskinstance.py:1281} INFO - 
--------------------------------------------------------------------------------
[2023-04-01T16:18:48.518+0000] {taskinstance.py:1300} INFO - Executing <Task(PythonOperator): python_task> on 2023-03-31 00:00:00+00:00
[2023-04-01T16:18:48.524+0000] {standard_task_runner.py:55} INFO - Started process 2165 to run task
[2023-04-01T16:18:48.531+0000] {standard_task_runner.py:82} INFO - Running: ['***', 'tasks', 'run', 'pythonoperator_demo', 'python_task', 'scheduled__2023-03-31T00:00:00+00:00', '--job-id', '158', '--raw', '--subdir', 'DAGS_FOLDER/pythonoperator_demo.py', '--cfg-path', '/tmp/tmpltd4gb6m']
[2023-04-01T16:18:48.534+0000] {standard_task_runner.py:83} INFO - Job 158: Subtask python_task
[2023-04-01T16:18:48.605+0000] {task_command.py:388} INFO - Running <TaskInstance: pythonoperator_demo.python_task scheduled__2023-03-31T00:00:00+00:00 [running]> on host 16ecf75c2681
[2023-04-01T16:18:48.658+0000] {taskinstance.py:1509} INFO - Exporting the following env vars:
AIRFLOW_CTX_DAG_OWNER=***
AIRFLOW_CTX_DAG_ID=pythonoperator_demo
AIRFLOW_CTX_TASK_ID=python_task
AIRFLOW_CTX_EXECUTION_DATE=2023-03-31T00:00:00+00:00
AIRFLOW_CTX_TRY_NUMBER=1
AIRFLOW_CTX_DAG_RUN_ID=scheduled__2023-03-31T00:00:00+00:00
[2023-04-01T16:18:48.666+0000] {_default.py:649} WARNING - No project ID could be determined. Consider running `gcloud config set project` or setting the GOOGLE_CLOUD_PROJECT environment variable
[2023-04-01T16:18:49.670+0000] {logging_mixin.py:137} INFO - /opt/***BoolDataTypeKeyword_ManimCE_v0.17.2.png
[2023-04-01T16:18:49.673+0000] {python.py:177} INFO - Done. Returned value was: /opt/***BoolDataTypeKeyword_ManimCE_v0.17.2.png
[2023-04-01T16:18:49.705+0000] {taskinstance.py:1323} INFO - Marking task as SUCCESS. dag_id=pythonoperator_demo, task_id=python_task, execution_date=20230331T000000, start_date=20230401T161848, end_date=20230401T161849
[2023-04-01T16:18:49.773+0000] {local_task_job.py:208} INFO - Task exited with return code 0
[2023-04-01T16:18:49.807+0000] {taskinstance.py:2578} INFO - 0 downstream tasks scheduled from follow-on schedule check
[2023-04-01T16:21:52.533+0000] {taskinstance.py:1083} INFO - Dependencies all met for <TaskInstance: pythonoperator_demo.python_task scheduled__2023-03-31T00:00:00+00:00 [queued]>
[2023-04-01T16:21:52.543+0000] {taskinstance.py:1083} INFO - Dependencies all met for <TaskInstance: pythonoperator_demo.python_task scheduled__2023-03-31T00:00:00+00:00 [queued]>
[2023-04-01T16:21:52.544+0000] {taskinstance.py:1279} INFO - 
--------------------------------------------------------------------------------
[2023-04-01T16:21:52.545+0000] {taskinstance.py:1280} INFO - Starting attempt 1 of 1
[2023-04-01T16:21:52.546+0000] {taskinstance.py:1281} INFO - 
--------------------------------------------------------------------------------
[2023-04-01T16:21:52.560+0000] {taskinstance.py:1300} INFO - Executing <Task(PythonOperator): python_task> on 2023-03-31 00:00:00+00:00
[2023-04-01T16:21:52.566+0000] {standard_task_runner.py:55} INFO - Started process 2359 to run task
[2023-04-01T16:21:52.576+0000] {standard_task_runner.py:82} INFO - Running: ['***', 'tasks', 'run', 'pythonoperator_demo', 'python_task', 'scheduled__2023-03-31T00:00:00+00:00', '--job-id', '163', '--raw', '--subdir', 'DAGS_FOLDER/pythonoperator_demo.py', '--cfg-path', '/tmp/tmp8g_tnikj']
[2023-04-01T16:21:52.577+0000] {standard_task_runner.py:83} INFO - Job 163: Subtask python_task
[2023-04-01T16:21:52.641+0000] {task_command.py:388} INFO - Running <TaskInstance: pythonoperator_demo.python_task scheduled__2023-03-31T00:00:00+00:00 [running]> on host 16ecf75c2681
[2023-04-01T16:21:52.695+0000] {taskinstance.py:1509} INFO - Exporting the following env vars:
AIRFLOW_CTX_DAG_OWNER=***
AIRFLOW_CTX_DAG_ID=pythonoperator_demo
AIRFLOW_CTX_TASK_ID=python_task
AIRFLOW_CTX_EXECUTION_DATE=2023-03-31T00:00:00+00:00
AIRFLOW_CTX_TRY_NUMBER=1
AIRFLOW_CTX_DAG_RUN_ID=scheduled__2023-03-31T00:00:00+00:00
[2023-04-01T16:21:52.704+0000] {_default.py:649} WARNING - No project ID could be determined. Consider running `gcloud config set project` or setting the GOOGLE_CLOUD_PROJECT environment variable
[2023-04-01T16:21:53.644+0000] {logging_mixin.py:137} INFO - /opt/***BoolDataTypeKeyword_ManimCE_v0.17.2.png/opt/***BoolDataTypeKeyword_ManimCE_v0.17.2.png
[2023-04-01T16:21:53.646+0000] {python.py:177} INFO - Done. Returned value was: /opt/***BoolDataTypeKeyword_ManimCE_v0.17.2.png/opt/***BoolDataTypeKeyword_ManimCE_v0.17.2.png
[2023-04-01T16:21:53.675+0000] {taskinstance.py:1323} INFO - Marking task as SUCCESS. dag_id=pythonoperator_demo, task_id=python_task, execution_date=20230331T000000, start_date=20230401T162152, end_date=20230401T162153
[2023-04-01T16:21:53.733+0000] {local_task_job.py:208} INFO - Task exited with return code 0
[2023-04-01T16:21:53.751+0000] {taskinstance.py:2578} INFO - 0 downstream tasks scheduled from follow-on schedule check
[2023-04-01T16:24:48.715+0000] {taskinstance.py:1083} INFO - Dependencies all met for <TaskInstance: pythonoperator_demo.python_task scheduled__2023-03-31T00:00:00+00:00 [queued]>
[2023-04-01T16:24:48.727+0000] {taskinstance.py:1083} INFO - Dependencies all met for <TaskInstance: pythonoperator_demo.python_task scheduled__2023-03-31T00:00:00+00:00 [queued]>
[2023-04-01T16:24:48.728+0000] {taskinstance.py:1279} INFO - 
--------------------------------------------------------------------------------
[2023-04-01T16:24:48.729+0000] {taskinstance.py:1280} INFO - Starting attempt 1 of 1
[2023-04-01T16:24:48.730+0000] {taskinstance.py:1281} INFO - 
--------------------------------------------------------------------------------
[2023-04-01T16:24:48.754+0000] {taskinstance.py:1300} INFO - Executing <Task(PythonOperator): python_task> on 2023-03-31 00:00:00+00:00
[2023-04-01T16:24:48.761+0000] {standard_task_runner.py:55} INFO - Started process 2546 to run task
[2023-04-01T16:24:48.764+0000] {standard_task_runner.py:82} INFO - Running: ['***', 'tasks', 'run', 'pythonoperator_demo', 'python_task', 'scheduled__2023-03-31T00:00:00+00:00', '--job-id', '166', '--raw', '--subdir', 'DAGS_FOLDER/pythonoperator_demo.py', '--cfg-path', '/tmp/tmpoll4t0pp']
[2023-04-01T16:24:48.766+0000] {standard_task_runner.py:83} INFO - Job 166: Subtask python_task
[2023-04-01T16:24:48.896+0000] {task_command.py:388} INFO - Running <TaskInstance: pythonoperator_demo.python_task scheduled__2023-03-31T00:00:00+00:00 [running]> on host 16ecf75c2681
[2023-04-01T16:24:48.961+0000] {taskinstance.py:1509} INFO - Exporting the following env vars:
AIRFLOW_CTX_DAG_OWNER=***
AIRFLOW_CTX_DAG_ID=pythonoperator_demo
AIRFLOW_CTX_TASK_ID=python_task
AIRFLOW_CTX_EXECUTION_DATE=2023-03-31T00:00:00+00:00
AIRFLOW_CTX_TRY_NUMBER=1
AIRFLOW_CTX_DAG_RUN_ID=scheduled__2023-03-31T00:00:00+00:00
[2023-04-01T16:24:48.972+0000] {_default.py:649} WARNING - No project ID could be determined. Consider running `gcloud config set project` or setting the GOOGLE_CLOUD_PROJECT environment variable
[2023-04-01T16:24:50.059+0000] {logging_mixin.py:137} INFO - BoolDataTypeKeyword_ManimCE_v0.17.2.png
[2023-04-01T16:24:50.060+0000] {python.py:177} INFO - Done. Returned value was: BoolDataTypeKeyword_ManimCE_v0.17.2.png
[2023-04-01T16:24:50.093+0000] {taskinstance.py:1323} INFO - Marking task as SUCCESS. dag_id=pythonoperator_demo, task_id=python_task, execution_date=20230331T000000, start_date=20230401T162448, end_date=20230401T162450
[2023-04-01T16:24:50.134+0000] {local_task_job.py:208} INFO - Task exited with return code 0
[2023-04-01T16:24:50.159+0000] {taskinstance.py:2578} INFO - 0 downstream tasks scheduled from follow-on schedule check
