[2023-04-01T02:45:02.131+0000] {taskinstance.py:1083} INFO - Dependencies all met for <TaskInstance: dataset_consumes_1.consuming_1 manual__2023-04-01T02:45:01.150626+00:00 [queued]>
[2023-04-01T02:45:02.141+0000] {taskinstance.py:1083} INFO - Dependencies all met for <TaskInstance: dataset_consumes_1.consuming_1 manual__2023-04-01T02:45:01.150626+00:00 [queued]>
[2023-04-01T02:45:02.142+0000] {taskinstance.py:1279} INFO - 
--------------------------------------------------------------------------------
[2023-04-01T02:45:02.143+0000] {taskinstance.py:1280} INFO - Starting attempt 1 of 1
[2023-04-01T02:45:02.144+0000] {taskinstance.py:1281} INFO - 
--------------------------------------------------------------------------------
[2023-04-01T02:45:02.160+0000] {taskinstance.py:1300} INFO - Executing <Task(BashOperator): consuming_1> on 2023-04-01 02:45:01.150626+00:00
[2023-04-01T02:45:02.166+0000] {standard_task_runner.py:55} INFO - Started process 101 to run task
[2023-04-01T02:45:02.170+0000] {standard_task_runner.py:82} INFO - Running: ['***', 'tasks', 'run', 'dataset_consumes_1', 'consuming_1', 'manual__2023-04-01T02:45:01.150626+00:00', '--job-id', '63', '--raw', '--subdir', '/home/***/.local/lib/python3.7/site-packages/***/example_dags/example_datasets.py', '--cfg-path', '/tmp/tmp9_74g0ov']
[2023-04-01T02:45:02.172+0000] {standard_task_runner.py:83} INFO - Job 63: Subtask consuming_1
[2023-04-01T02:45:02.235+0000] {task_command.py:388} INFO - Running <TaskInstance: dataset_consumes_1.consuming_1 manual__2023-04-01T02:45:01.150626+00:00 [running]> on host 6e1a3323bcdd
[2023-04-01T02:45:02.287+0000] {taskinstance.py:1509} INFO - Exporting the following env vars:
AIRFLOW_CTX_DAG_OWNER=***
AIRFLOW_CTX_DAG_ID=dataset_consumes_1
AIRFLOW_CTX_TASK_ID=consuming_1
AIRFLOW_CTX_EXECUTION_DATE=2023-04-01T02:45:01.150626+00:00
AIRFLOW_CTX_TRY_NUMBER=1
AIRFLOW_CTX_DAG_RUN_ID=manual__2023-04-01T02:45:01.150626+00:00
[2023-04-01T02:45:02.292+0000] {subprocess.py:63} INFO - Tmp dir root location: 
 /tmp
[2023-04-01T02:45:02.293+0000] {subprocess.py:75} INFO - Running command: ['/bin/bash', '-c', 'sleep 5']
[2023-04-01T02:45:02.308+0000] {subprocess.py:86} INFO - Output:
[2023-04-01T02:45:07.322+0000] {subprocess.py:97} INFO - Command exited with return code 0
[2023-04-01T02:45:07.345+0000] {warnings.py:110} WARNING - /home/***/.local/lib/python3.7/site-packages/***/models/baseoperator.py:1376: RemovedInAirflow3Warning: Passing 'execution_date' to 'TaskInstance.xcom_push()' is deprecated.
  context["ti"].xcom_push(key=key, value=value, execution_date=execution_date)

[2023-04-01T02:45:07.361+0000] {taskinstance.py:1323} INFO - Marking task as SUCCESS. dag_id=dataset_consumes_1, task_id=consuming_1, execution_date=20230401T024501, start_date=20230401T024502, end_date=20230401T024507
[2023-04-01T02:45:07.424+0000] {local_task_job.py:208} INFO - Task exited with return code 0
[2023-04-01T02:45:07.438+0000] {taskinstance.py:2578} INFO - 0 downstream tasks scheduled from follow-on schedule check
