[2023-04-01T15:54:52.586+0000] {taskinstance.py:1083} INFO - Dependencies all met for <TaskInstance: pythonoperator_demo.python_task manual__2023-04-01T15:54:51.837007+00:00 [queued]>
[2023-04-01T15:54:52.599+0000] {taskinstance.py:1083} INFO - Dependencies all met for <TaskInstance: pythonoperator_demo.python_task manual__2023-04-01T15:54:51.837007+00:00 [queued]>
[2023-04-01T15:54:52.600+0000] {taskinstance.py:1279} INFO - 
--------------------------------------------------------------------------------
[2023-04-01T15:54:52.601+0000] {taskinstance.py:1280} INFO - Starting attempt 1 of 1
[2023-04-01T15:54:52.602+0000] {taskinstance.py:1281} INFO - 
--------------------------------------------------------------------------------
[2023-04-01T15:54:52.612+0000] {taskinstance.py:1300} INFO - Executing <Task(PythonOperator): python_task> on 2023-04-01 15:54:51.837007+00:00
[2023-04-01T15:54:52.618+0000] {standard_task_runner.py:55} INFO - Started process 654 to run task
[2023-04-01T15:54:52.622+0000] {standard_task_runner.py:82} INFO - Running: ['***', 'tasks', 'run', 'pythonoperator_demo', 'python_task', 'manual__2023-04-01T15:54:51.837007+00:00', '--job-id', '141', '--raw', '--subdir', 'DAGS_FOLDER/pythonoperator_demo.py', '--cfg-path', '/tmp/tmpg6y2z65t']
[2023-04-01T15:54:52.623+0000] {standard_task_runner.py:83} INFO - Job 141: Subtask python_task
[2023-04-01T15:54:52.759+0000] {task_command.py:388} INFO - Running <TaskInstance: pythonoperator_demo.python_task manual__2023-04-01T15:54:51.837007+00:00 [running]> on host 16ecf75c2681
[2023-04-01T15:54:52.819+0000] {taskinstance.py:1509} INFO - Exporting the following env vars:
AIRFLOW_CTX_DAG_OWNER=***
AIRFLOW_CTX_DAG_ID=pythonoperator_demo
AIRFLOW_CTX_TASK_ID=python_task
AIRFLOW_CTX_EXECUTION_DATE=2023-04-01T15:54:51.837007+00:00
AIRFLOW_CTX_TRY_NUMBER=1
AIRFLOW_CTX_DAG_RUN_ID=manual__2023-04-01T15:54:51.837007+00:00
[2023-04-01T15:54:52.821+0000] {logging_mixin.py:137} INFO - /opt/***
[2023-04-01T15:54:52.822+0000] {python.py:177} INFO - Done. Returned value was: /opt/***
[2023-04-01T15:54:52.839+0000] {taskinstance.py:1323} INFO - Marking task as SUCCESS. dag_id=pythonoperator_demo, task_id=python_task, execution_date=20230401T155451, start_date=20230401T155452, end_date=20230401T155452
[2023-04-01T15:54:52.892+0000] {local_task_job.py:208} INFO - Task exited with return code 0
[2023-04-01T15:54:52.908+0000] {taskinstance.py:2578} INFO - 0 downstream tasks scheduled from follow-on schedule check
