[2023-04-01T17:35:06.609+0000] {taskinstance.py:1083} INFO - Dependencies all met for <TaskInstance: twitter_status_update.kickOff manual__2023-04-01T17:35:05.694440+00:00 [queued]>
[2023-04-01T17:35:06.619+0000] {taskinstance.py:1083} INFO - Dependencies all met for <TaskInstance: twitter_status_update.kickOff manual__2023-04-01T17:35:05.694440+00:00 [queued]>
[2023-04-01T17:35:06.620+0000] {taskinstance.py:1279} INFO - 
--------------------------------------------------------------------------------
[2023-04-01T17:35:06.621+0000] {taskinstance.py:1280} INFO - Starting attempt 1 of 3
[2023-04-01T17:35:06.622+0000] {taskinstance.py:1281} INFO - 
--------------------------------------------------------------------------------
[2023-04-01T17:35:06.633+0000] {taskinstance.py:1300} INFO - Executing <Task(_PythonDecoratedOperator): kickOff> on 2023-04-01 17:35:05.694440+00:00
[2023-04-01T17:35:06.638+0000] {standard_task_runner.py:55} INFO - Started process 6947 to run task
[2023-04-01T17:35:06.642+0000] {standard_task_runner.py:82} INFO - Running: ['***', 'tasks', 'run', 'twitter_status_update', 'kickOff', 'manual__2023-04-01T17:35:05.694440+00:00', '--job-id', '172', '--raw', '--subdir', 'DAGS_FOLDER/twitterStatusUpdatePipeline.py', '--cfg-path', '/tmp/tmpe2494hdl']
[2023-04-01T17:35:06.643+0000] {standard_task_runner.py:83} INFO - Job 172: Subtask kickOff
[2023-04-01T17:35:06.722+0000] {task_command.py:388} INFO - Running <TaskInstance: twitter_status_update.kickOff manual__2023-04-01T17:35:05.694440+00:00 [running]> on host 16ecf75c2681
[2023-04-01T17:35:06.779+0000] {taskinstance.py:1509} INFO - Exporting the following env vars:
AIRFLOW_CTX_DAG_OWNER=***
AIRFLOW_CTX_DAG_ID=twitter_status_update
AIRFLOW_CTX_TASK_ID=kickOff
AIRFLOW_CTX_EXECUTION_DATE=2023-04-01T17:35:05.694440+00:00
AIRFLOW_CTX_TRY_NUMBER=1
AIRFLOW_CTX_DAG_RUN_ID=manual__2023-04-01T17:35:05.694440+00:00
[2023-04-01T17:35:06.782+0000] {python.py:177} INFO - Done. Returned value was: 2023-04-01
[2023-04-01T17:35:06.805+0000] {taskinstance.py:1323} INFO - Marking task as SUCCESS. dag_id=twitter_status_update, task_id=kickOff, execution_date=20230401T173505, start_date=20230401T173506, end_date=20230401T173506
[2023-04-01T17:35:06.856+0000] {local_task_job.py:208} INFO - Task exited with return code 0
[2023-04-01T17:35:06.874+0000] {taskinstance.py:2578} INFO - 1 downstream tasks scheduled from follow-on schedule check
