[2023-04-01T13:04:43.578+0000] {taskinstance.py:1083} INFO - Dependencies all met for <TaskInstance: twitter_status_with_image_update.get_folder_images manual__2023-04-01T13:04:41.408497+00:00 [queued]>
[2023-04-01T13:04:43.585+0000] {taskinstance.py:1083} INFO - Dependencies all met for <TaskInstance: twitter_status_with_image_update.get_folder_images manual__2023-04-01T13:04:41.408497+00:00 [queued]>
[2023-04-01T13:04:43.587+0000] {taskinstance.py:1279} INFO - 
--------------------------------------------------------------------------------
[2023-04-01T13:04:43.588+0000] {taskinstance.py:1280} INFO - Starting attempt 1 of 3
[2023-04-01T13:04:43.589+0000] {taskinstance.py:1281} INFO - 
--------------------------------------------------------------------------------
[2023-04-01T13:04:43.598+0000] {taskinstance.py:1300} INFO - Executing <Task(_PythonDecoratedOperator): get_folder_images> on 2023-04-01 13:04:41.408497+00:00
[2023-04-01T13:04:43.606+0000] {standard_task_runner.py:55} INFO - Started process 11430 to run task
[2023-04-01T13:04:43.609+0000] {standard_task_runner.py:82} INFO - Running: ['***', 'tasks', 'run', 'twitter_status_with_image_update', 'get_folder_images', 'manual__2023-04-01T13:04:41.408497+00:00', '--job-id', '108', '--raw', '--subdir', 'DAGS_FOLDER/twitterImageWithTextUpdatePipeline.py', '--cfg-path', '/tmp/tmp5twoh4cf']
[2023-04-01T13:04:43.613+0000] {standard_task_runner.py:83} INFO - Job 108: Subtask get_folder_images
[2023-04-01T13:04:43.682+0000] {task_command.py:388} INFO - Running <TaskInstance: twitter_status_with_image_update.get_folder_images manual__2023-04-01T13:04:41.408497+00:00 [running]> on host 21dcead862af
[2023-04-01T13:04:43.757+0000] {taskinstance.py:1509} INFO - Exporting the following env vars:
AIRFLOW_CTX_DAG_OWNER=***
AIRFLOW_CTX_DAG_ID=twitter_status_with_image_update
AIRFLOW_CTX_TASK_ID=get_folder_images
AIRFLOW_CTX_EXECUTION_DATE=2023-04-01T13:04:41.408497+00:00
AIRFLOW_CTX_TRY_NUMBER=1
AIRFLOW_CTX_DAG_RUN_ID=manual__2023-04-01T13:04:41.408497+00:00
[2023-04-01T13:04:43.771+0000] {_default.py:649} WARNING - No project ID could be determined. Consider running `gcloud config set project` or setting the GOOGLE_CLOUD_PROJECT environment variable
[2023-04-01T13:04:44.891+0000] {logging_mixin.py:137} INFO - Today's Image to upload BoolDataTypeKeyword_ManimCE_v0.17.2.png
[2023-04-01T13:04:44.910+0000] {python.py:177} INFO - Done. Returned value was: {'image_name': 'BoolDataTypeKeyword_ManimCE_v0.17.2.png', 'image_path': 'twitter_python_keywords/BoolDataTypeKeyword_ManimCE_v0.17.2.png'}
[2023-04-01T13:04:45.026+0000] {taskinstance.py:1323} INFO - Marking task as SUCCESS. dag_id=twitter_status_with_image_update, task_id=get_folder_images, execution_date=20230401T130441, start_date=20230401T130443, end_date=20230401T130445
[2023-04-01T13:04:45.103+0000] {local_task_job.py:208} INFO - Task exited with return code 0
[2023-04-01T13:04:45.167+0000] {taskinstance.py:2578} INFO - 1 downstream tasks scheduled from follow-on schedule check
