[2023-04-01T15:57:44.090+0000] {taskinstance.py:1083} INFO - Dependencies all met for <TaskInstance: pythonoperator_demo.python_task manual__2023-04-01T15:57:42.197675+00:00 [queued]>
[2023-04-01T15:57:44.101+0000] {taskinstance.py:1083} INFO - Dependencies all met for <TaskInstance: pythonoperator_demo.python_task manual__2023-04-01T15:57:42.197675+00:00 [queued]>
[2023-04-01T15:57:44.102+0000] {taskinstance.py:1279} INFO - 
--------------------------------------------------------------------------------
[2023-04-01T15:57:44.103+0000] {taskinstance.py:1280} INFO - Starting attempt 1 of 1
[2023-04-01T15:57:44.103+0000] {taskinstance.py:1281} INFO - 
--------------------------------------------------------------------------------
[2023-04-01T15:57:44.120+0000] {taskinstance.py:1300} INFO - Executing <Task(PythonOperator): python_task> on 2023-04-01 15:57:42.197675+00:00
[2023-04-01T15:57:44.129+0000] {standard_task_runner.py:55} INFO - Started process 832 to run task
[2023-04-01T15:57:44.133+0000] {standard_task_runner.py:82} INFO - Running: ['***', 'tasks', 'run', 'pythonoperator_demo', 'python_task', 'manual__2023-04-01T15:57:42.197675+00:00', '--job-id', '146', '--raw', '--subdir', 'DAGS_FOLDER/pythonoperator_demo.py', '--cfg-path', '/tmp/tmp5kwp_c9p']
[2023-04-01T15:57:44.136+0000] {standard_task_runner.py:83} INFO - Job 146: Subtask python_task
[2023-04-01T15:57:44.198+0000] {task_command.py:388} INFO - Running <TaskInstance: pythonoperator_demo.python_task manual__2023-04-01T15:57:42.197675+00:00 [running]> on host 16ecf75c2681
[2023-04-01T15:57:44.253+0000] {taskinstance.py:1509} INFO - Exporting the following env vars:
AIRFLOW_CTX_DAG_OWNER=***
AIRFLOW_CTX_DAG_ID=pythonoperator_demo
AIRFLOW_CTX_TASK_ID=python_task
AIRFLOW_CTX_EXECUTION_DATE=2023-04-01T15:57:42.197675+00:00
AIRFLOW_CTX_TRY_NUMBER=1
AIRFLOW_CTX_DAG_RUN_ID=manual__2023-04-01T15:57:42.197675+00:00
[2023-04-01T15:57:44.256+0000] {logging_mixin.py:137} INFO - /opt/***
[2023-04-01T15:57:44.257+0000] {python.py:177} INFO - Done. Returned value was: /opt/***BoolDataTypeKeyword_ManimCE_v0.17.2.png
[2023-04-01T15:57:44.275+0000] {taskinstance.py:1323} INFO - Marking task as SUCCESS. dag_id=pythonoperator_demo, task_id=python_task, execution_date=20230401T155742, start_date=20230401T155744, end_date=20230401T155744
[2023-04-01T15:57:44.311+0000] {local_task_job.py:208} INFO - Task exited with return code 0
[2023-04-01T15:57:44.325+0000] {taskinstance.py:2578} INFO - 0 downstream tasks scheduled from follow-on schedule check
