[2023-04-01T13:06:52.533+0000] {taskinstance.py:1083} INFO - Dependencies all met for <TaskInstance: twitter_status_with_image_update.download_image manual__2023-04-01T13:06:48.075092+00:00 [queued]>
[2023-04-01T13:06:52.541+0000] {taskinstance.py:1083} INFO - Dependencies all met for <TaskInstance: twitter_status_with_image_update.download_image manual__2023-04-01T13:06:48.075092+00:00 [queued]>
[2023-04-01T13:06:52.543+0000] {taskinstance.py:1279} INFO - 
--------------------------------------------------------------------------------
[2023-04-01T13:06:52.544+0000] {taskinstance.py:1280} INFO - Starting attempt 1 of 3
[2023-04-01T13:06:52.545+0000] {taskinstance.py:1281} INFO - 
--------------------------------------------------------------------------------
[2023-04-01T13:06:52.555+0000] {taskinstance.py:1300} INFO - Executing <Task(_PythonDecoratedOperator): download_image> on 2023-04-01 13:06:48.075092+00:00
[2023-04-01T13:06:52.561+0000] {standard_task_runner.py:55} INFO - Started process 11575 to run task
[2023-04-01T13:06:52.564+0000] {standard_task_runner.py:82} INFO - Running: ['***', 'tasks', 'run', 'twitter_status_with_image_update', 'download_image', 'manual__2023-04-01T13:06:48.075092+00:00', '--job-id', '113', '--raw', '--subdir', 'DAGS_FOLDER/twitterImageWithTextUpdatePipeline.py', '--cfg-path', '/tmp/tmpsg20huxj']
[2023-04-01T13:06:52.565+0000] {standard_task_runner.py:83} INFO - Job 113: Subtask download_image
[2023-04-01T13:06:52.619+0000] {task_command.py:388} INFO - Running <TaskInstance: twitter_status_with_image_update.download_image manual__2023-04-01T13:06:48.075092+00:00 [running]> on host 21dcead862af
[2023-04-01T13:06:52.682+0000] {taskinstance.py:1509} INFO - Exporting the following env vars:
AIRFLOW_CTX_DAG_OWNER=***
AIRFLOW_CTX_DAG_ID=twitter_status_with_image_update
AIRFLOW_CTX_TASK_ID=download_image
AIRFLOW_CTX_EXECUTION_DATE=2023-04-01T13:06:48.075092+00:00
AIRFLOW_CTX_TRY_NUMBER=1
AIRFLOW_CTX_DAG_RUN_ID=manual__2023-04-01T13:06:48.075092+00:00
[2023-04-01T13:06:52.689+0000] {_default.py:649} WARNING - No project ID could be determined. Consider running `gcloud config set project` or setting the GOOGLE_CLOUD_PROJECT environment variable
[2023-04-01T13:06:54.343+0000] {logging_mixin.py:137} INFO - True
[2023-04-01T13:06:54.349+0000] {python.py:177} INFO - Done. Returned value was: None
[2023-04-01T13:06:54.384+0000] {taskinstance.py:1323} INFO - Marking task as SUCCESS. dag_id=twitter_status_with_image_update, task_id=download_image, execution_date=20230401T130648, start_date=20230401T130652, end_date=20230401T130654
[2023-04-01T13:06:54.465+0000] {local_task_job.py:208} INFO - Task exited with return code 0
[2023-04-01T13:06:54.495+0000] {taskinstance.py:2578} INFO - 0 downstream tasks scheduled from follow-on schedule check
