[2023-04-01T12:48:42.149+0000] {taskinstance.py:1083} INFO - Dependencies all met for <TaskInstance: twitter_status_with_image_update.get_folder_images manual__2023-04-01T12:48:39.944577+00:00 [queued]>
[2023-04-01T12:48:42.155+0000] {taskinstance.py:1083} INFO - Dependencies all met for <TaskInstance: twitter_status_with_image_update.get_folder_images manual__2023-04-01T12:48:39.944577+00:00 [queued]>
[2023-04-01T12:48:42.156+0000] {taskinstance.py:1279} INFO - 
--------------------------------------------------------------------------------
[2023-04-01T12:48:42.157+0000] {taskinstance.py:1280} INFO - Starting attempt 1 of 3
[2023-04-01T12:48:42.158+0000] {taskinstance.py:1281} INFO - 
--------------------------------------------------------------------------------
[2023-04-01T12:48:42.167+0000] {taskinstance.py:1300} INFO - Executing <Task(_PythonDecoratedOperator): get_folder_images> on 2023-04-01 12:48:39.944577+00:00
[2023-04-01T12:48:42.171+0000] {standard_task_runner.py:55} INFO - Started process 10408 to run task
[2023-04-01T12:48:42.174+0000] {standard_task_runner.py:82} INFO - Running: ['***', 'tasks', 'run', 'twitter_status_with_image_update', 'get_folder_images', 'manual__2023-04-01T12:48:39.944577+00:00', '--job-id', '99', '--raw', '--subdir', 'DAGS_FOLDER/twitterImageWithTextUpdatePipeline.py', '--cfg-path', '/tmp/tmp36_oh6xy']
[2023-04-01T12:48:42.175+0000] {standard_task_runner.py:83} INFO - Job 99: Subtask get_folder_images
[2023-04-01T12:48:42.218+0000] {task_command.py:388} INFO - Running <TaskInstance: twitter_status_with_image_update.get_folder_images manual__2023-04-01T12:48:39.944577+00:00 [running]> on host 21dcead862af
[2023-04-01T12:48:42.274+0000] {taskinstance.py:1509} INFO - Exporting the following env vars:
AIRFLOW_CTX_DAG_OWNER=***
AIRFLOW_CTX_DAG_ID=twitter_status_with_image_update
AIRFLOW_CTX_TASK_ID=get_folder_images
AIRFLOW_CTX_EXECUTION_DATE=2023-04-01T12:48:39.944577+00:00
AIRFLOW_CTX_TRY_NUMBER=1
AIRFLOW_CTX_DAG_RUN_ID=manual__2023-04-01T12:48:39.944577+00:00
[2023-04-01T12:48:42.284+0000] {_default.py:649} WARNING - No project ID could be determined. Consider running `gcloud config set project` or setting the GOOGLE_CLOUD_PROJECT environment variable
[2023-04-01T12:48:42.985+0000] {logging_mixin.py:137} INFO - ['twitter_python_keywords/BoolDataTypeKeyword_ManimCE_v0.17.2.png', 'twitter_python_keywords/BreakKeyword_ManimCE_v0.17.2.png', 'twitter_python_keywords/ClassesKeyword_ManimCE_v0.17.2.png', 'twitter_python_keywords/ConditionalKeyword_ManimCE_v0.17.2.png', 'twitter_python_keywords/ContinueKeyword_ManimCE_v0.17.2.png', 'twitter_python_keywords/DefKeyword_ManimCE_v0.17.2.png', 'twitter_python_keywords/InKeyword_ManimCE_v0.17.2.png', 'twitter_python_keywords/IsKeyword_ManimCE_v0.17.2.png', 'twitter_python_keywords/LambdasKeyword_ManimCE_v0.17.2.png', 'twitter_python_keywords/LogicalOperatorKeyword_ManimCE_v0.17.2.png', 'twitter_python_keywords/LoopKeyword_ManimCE_v0.17.2.png', 'twitter_python_keywords/NonesKeyword_ManimCE_v0.17.2.png', 'twitter_python_keywords/ReturnsKeyword_ManimCE_v0.17.2.png']
[2023-04-01T12:48:42.986+0000] {python.py:177} INFO - Done. Returned value was: None
[2023-04-01T12:48:43.001+0000] {taskinstance.py:1323} INFO - Marking task as SUCCESS. dag_id=twitter_status_with_image_update, task_id=get_folder_images, execution_date=20230401T124839, start_date=20230401T124842, end_date=20230401T124843
[2023-04-01T12:48:43.035+0000] {local_task_job.py:208} INFO - Task exited with return code 0
[2023-04-01T12:48:43.050+0000] {taskinstance.py:2578} INFO - 0 downstream tasks scheduled from follow-on schedule check
