[2023-04-01T16:21:52.548+0000] {taskinstance.py:1083} INFO - Dependencies all met for <TaskInstance: pythonoperator_demo.python_task manual__2023-04-01T16:21:51.184527+00:00 [queued]>
[2023-04-01T16:21:52.558+0000] {taskinstance.py:1083} INFO - Dependencies all met for <TaskInstance: pythonoperator_demo.python_task manual__2023-04-01T16:21:51.184527+00:00 [queued]>
[2023-04-01T16:21:52.561+0000] {taskinstance.py:1279} INFO - 
--------------------------------------------------------------------------------
[2023-04-01T16:21:52.562+0000] {taskinstance.py:1280} INFO - Starting attempt 1 of 1
[2023-04-01T16:21:52.563+0000] {taskinstance.py:1281} INFO - 
--------------------------------------------------------------------------------
[2023-04-01T16:21:52.579+0000] {taskinstance.py:1300} INFO - Executing <Task(PythonOperator): python_task> on 2023-04-01 16:21:51.184527+00:00
[2023-04-01T16:21:52.584+0000] {standard_task_runner.py:55} INFO - Started process 2360 to run task
[2023-04-01T16:21:52.588+0000] {standard_task_runner.py:82} INFO - Running: ['***', 'tasks', 'run', 'pythonoperator_demo', 'python_task', 'manual__2023-04-01T16:21:51.184527+00:00', '--job-id', '164', '--raw', '--subdir', 'DAGS_FOLDER/pythonoperator_demo.py', '--cfg-path', '/tmp/tmprlaf8e7g']
[2023-04-01T16:21:52.590+0000] {standard_task_runner.py:83} INFO - Job 164: Subtask python_task
[2023-04-01T16:21:52.649+0000] {task_command.py:388} INFO - Running <TaskInstance: pythonoperator_demo.python_task manual__2023-04-01T16:21:51.184527+00:00 [running]> on host 16ecf75c2681
[2023-04-01T16:21:52.706+0000] {taskinstance.py:1509} INFO - Exporting the following env vars:
AIRFLOW_CTX_DAG_OWNER=***
AIRFLOW_CTX_DAG_ID=pythonoperator_demo
AIRFLOW_CTX_TASK_ID=python_task
AIRFLOW_CTX_EXECUTION_DATE=2023-04-01T16:21:51.184527+00:00
AIRFLOW_CTX_TRY_NUMBER=1
AIRFLOW_CTX_DAG_RUN_ID=manual__2023-04-01T16:21:51.184527+00:00
[2023-04-01T16:21:52.717+0000] {_default.py:649} WARNING - No project ID could be determined. Consider running `gcloud config set project` or setting the GOOGLE_CLOUD_PROJECT environment variable
[2023-04-01T16:21:53.644+0000] {logging_mixin.py:137} INFO - /opt/***BoolDataTypeKeyword_ManimCE_v0.17.2.png/opt/***BoolDataTypeKeyword_ManimCE_v0.17.2.png
[2023-04-01T16:21:53.646+0000] {python.py:177} INFO - Done. Returned value was: /opt/***BoolDataTypeKeyword_ManimCE_v0.17.2.png/opt/***BoolDataTypeKeyword_ManimCE_v0.17.2.png
[2023-04-01T16:21:53.683+0000] {taskinstance.py:1323} INFO - Marking task as SUCCESS. dag_id=pythonoperator_demo, task_id=python_task, execution_date=20230401T162151, start_date=20230401T162152, end_date=20230401T162153
[2023-04-01T16:21:53.752+0000] {local_task_job.py:208} INFO - Task exited with return code 0
[2023-04-01T16:21:53.775+0000] {taskinstance.py:2578} INFO - 0 downstream tasks scheduled from follow-on schedule check
