[2023-04-01T16:20:46.210+0000] {taskinstance.py:1083} INFO - Dependencies all met for <TaskInstance: pythonoperator_demo.python_task manual__2023-04-01T16:20:44.125538+00:00 [queued]>
[2023-04-01T16:20:46.218+0000] {taskinstance.py:1083} INFO - Dependencies all met for <TaskInstance: pythonoperator_demo.python_task manual__2023-04-01T16:20:44.125538+00:00 [queued]>
[2023-04-01T16:20:46.218+0000] {taskinstance.py:1279} INFO - 
--------------------------------------------------------------------------------
[2023-04-01T16:20:46.219+0000] {taskinstance.py:1280} INFO - Starting attempt 1 of 1
[2023-04-01T16:20:46.220+0000] {taskinstance.py:1281} INFO - 
--------------------------------------------------------------------------------
[2023-04-01T16:20:46.229+0000] {taskinstance.py:1300} INFO - Executing <Task(PythonOperator): python_task> on 2023-04-01 16:20:44.125538+00:00
[2023-04-01T16:20:46.236+0000] {standard_task_runner.py:55} INFO - Started process 2293 to run task
[2023-04-01T16:20:46.239+0000] {standard_task_runner.py:82} INFO - Running: ['***', 'tasks', 'run', 'pythonoperator_demo', 'python_task', 'manual__2023-04-01T16:20:44.125538+00:00', '--job-id', '161', '--raw', '--subdir', 'DAGS_FOLDER/pythonoperator_demo.py', '--cfg-path', '/tmp/tmp40hw1gdp']
[2023-04-01T16:20:46.241+0000] {standard_task_runner.py:83} INFO - Job 161: Subtask python_task
[2023-04-01T16:20:46.298+0000] {task_command.py:388} INFO - Running <TaskInstance: pythonoperator_demo.python_task manual__2023-04-01T16:20:44.125538+00:00 [running]> on host 16ecf75c2681
[2023-04-01T16:20:46.350+0000] {taskinstance.py:1509} INFO - Exporting the following env vars:
AIRFLOW_CTX_DAG_OWNER=***
AIRFLOW_CTX_DAG_ID=pythonoperator_demo
AIRFLOW_CTX_TASK_ID=python_task
AIRFLOW_CTX_EXECUTION_DATE=2023-04-01T16:20:44.125538+00:00
AIRFLOW_CTX_TRY_NUMBER=1
AIRFLOW_CTX_DAG_RUN_ID=manual__2023-04-01T16:20:44.125538+00:00
[2023-04-01T16:20:46.358+0000] {_default.py:649} WARNING - No project ID could be determined. Consider running `gcloud config set project` or setting the GOOGLE_CLOUD_PROJECT environment variable
[2023-04-01T16:20:47.222+0000] {logging_mixin.py:137} INFO - /opt/***BoolDataTypeKeyword_ManimCE_v0.17.2.png/opt/***BoolDataTypeKeyword_ManimCE_v0.17.2.png
[2023-04-01T16:20:47.223+0000] {python.py:177} INFO - Done. Returned value was: /opt/***BoolDataTypeKeyword_ManimCE_v0.17.2.png/opt/***BoolDataTypeKeyword_ManimCE_v0.17.2.png
[2023-04-01T16:20:47.246+0000] {taskinstance.py:1323} INFO - Marking task as SUCCESS. dag_id=pythonoperator_demo, task_id=python_task, execution_date=20230401T162044, start_date=20230401T162046, end_date=20230401T162047
[2023-04-01T16:20:47.280+0000] {local_task_job.py:208} INFO - Task exited with return code 0
[2023-04-01T16:20:47.298+0000] {taskinstance.py:2578} INFO - 0 downstream tasks scheduled from follow-on schedule check
